[0.012s] Invoking command in '/home/myungw00/ROS2/Qt_ws/src/qt_pointcloud_viewer/build/qt_pointcloud_viewer': CMAKE_PREFIX_PATH=${CMAKE_PREFIX_PATH}:/home/myungw00/ROS2/ros2_ws/install/python_parameters:/home/myungw00/ROS2/ros2_ws/install/py_pubsub:/home/myungw00/ROS2/ros2_ws/install/examples_rclpy_pointcloud_publisher:/home/myungw00/ROS2/ros2_ws/install/examples_rclpy_minimal_subscriber:/home/myungw00/ROS2/ros2_ws/install/examples_rclpy_minimal_service:/home/myungw00/ROS2/ros2_ws/install/examples_rclpy_minimal_publisher:/home/myungw00/ROS2/ros2_ws/install/examples_rclpy_minimal_client:/home/myungw00/ROS2/ros2_ws/install/examples_rclpy_minimal_action_server:/home/myungw00/ROS2/ros2_ws/install/examples_rclpy_minimal_action_client:/home/myungw00/ROS2/ros2_ws/install/examples_rclpy_guard_conditions:/home/myungw00/ROS2/ros2_ws/install/examples_rclpy_executors:/opt/ros/galactic /home/myungw00/.local/bin/cmake --build /home/myungw00/ROS2/Qt_ws/src/qt_pointcloud_viewer/build/qt_pointcloud_viewer -- -j16 -l16
[0.104s] [  2%] [34m[1mAutomatic MOC and UIC for target qt_pointcloud_viewer[0m
[0.113s] [  2%] Built target qt_pointcloud_viewer_autogen
[0.150s] [  5%] [34m[1mGenerating include/qt_pointcloud_viewer/moc_pointcloud_widget.cpp[0m
[0.386s] [  7%] [32mBuilding CXX object CMakeFiles/qt_pointcloud_viewer.dir/src/main.cpp.o[0m
[0.387s] [ 13%] [32mBuilding CXX object CMakeFiles/qt_pointcloud_viewer.dir/src/pointcloud_widget.cpp.o[0m
[0.387s] [ 13%] [32mBuilding CXX object CMakeFiles/qt_pointcloud_viewer.dir/src/mainwindow.cpp.o[0m
[0.388s] [ 15%] [32mBuilding CXX object CMakeFiles/qt_pointcloud_viewer.dir/src/viewer_container.cpp.o[0m
[0.392s] [ 18%] [32mBuilding CXX object CMakeFiles/qt_pointcloud_viewer.dir/src/viewer_window.cpp.o[0m
[0.393s] [ 21%] [32mBuilding CXX object CMakeFiles/qt_pointcloud_viewer.dir/src/control_tree_widget.cpp.o[0m
[0.393s] [ 23%] [32mBuilding CXX object CMakeFiles/qt_pointcloud_viewer.dir/src/viewer_settings_manager.cpp.o[0m
[0.394s] [ 26%] [32mBuilding CXX object CMakeFiles/qt_pointcloud_viewer.dir/include/qt_pointcloud_viewer/moc_mainwindow.cpp.o[0m
[0.395s] [ 28%] [32mBuilding CXX object CMakeFiles/qt_pointcloud_viewer.dir/include/qt_pointcloud_viewer/moc_pointcloud_widget.cpp.o[0m
[0.398s] [ 31%] [32mBuilding CXX object CMakeFiles/qt_pointcloud_viewer.dir/include/qt_pointcloud_viewer/moc_viewer_container.cpp.o[0m
[0.399s] [ 34%] [32mBuilding CXX object CMakeFiles/qt_pointcloud_viewer.dir/include/qt_pointcloud_viewer/moc_viewer_window.cpp.o[0m
[0.400s] [ 36%] [32mBuilding CXX object CMakeFiles/qt_pointcloud_viewer.dir/include/qt_pointcloud_viewer/moc_control_tree_widget.cpp.o[0m
[7.033s] [01m[K/home/myungw00/ROS2/Qt_ws/src/qt_pointcloud_viewer/src/pointcloud_widget.cpp:[m[K In constructor ‘[01m[KWidget::PointCloudWidget::PointCloudWidget(QWidget*)[m[K’:
[7.034s] [01m[K/home/myungw00/ROS2/Qt_ws/src/qt_pointcloud_viewer/src/pointcloud_widget.cpp:44:5:[m[K [01;31m[Kerror: [m[K‘[01m[KshowInterestObjects_[m[K’ was not declared in this scope; did you mean ‘[01m[KrenderInterestObjects[m[K’?
[7.034s]    44 |     [01;31m[KshowInterestObjects_[m[K = true;  // 추가
[7.034s]       |     [01;31m[K^~~~~~~~~~~~~~~~~~~~[m[K
[7.034s]       |     [32m[KrenderInterestObjects[m[K
[7.036s] [01m[K/home/myungw00/ROS2/Qt_ws/src/qt_pointcloud_viewer/src/pointcloud_widget.cpp:[m[K In lambda function:
[7.036s] [01m[K/home/myungw00/ROS2/Qt_ws/src/qt_pointcloud_viewer/src/pointcloud_widget.cpp:66:17:[m[K [01;31m[Kerror: [m[K‘[01m[KshowInterestObjects_[m[K’ is not captured
[7.036s]    66 |                 [01;31m[KshowInterestObjects_[m[K = show;
[7.037s]       |                 [01;31m[K^~~~~~~~~~~~~~~~~~~~[m[K
[7.037s] [01m[K/home/myungw00/ROS2/Qt_ws/src/qt_pointcloud_viewer/src/pointcloud_widget.cpp:65:24:[m[K [01;36m[Knote: [m[Kthe lambda has no capture-default
[7.037s]    65 |             this, [this[01;36m[K][m[K(bool show) {
[7.037s]       |                        [01;36m[K^[m[K
[7.037s] [01m[K/home/myungw00/ROS2/Qt_ws/src/qt_pointcloud_viewer/src/pointcloud_widget.cpp:44:5:[m[K [01;36m[Knote: [m[K‘[01m[K<typeprefixerror>showInterestObjects_[m[K’ declared here
[7.037s]    44 |     [01;36m[KshowInterestObjects_[m[K = true;  // 추가
[7.037s]       |     [01;36m[K^~~~~~~~~~~~~~~~~~~~[m[K
[7.103s] [01m[K/home/myungw00/ROS2/Qt_ws/src/qt_pointcloud_viewer/src/pointcloud_widget.cpp:[m[K In member function ‘[01m[Kvirtual void Widget::PointCloudWidget::paintGL()[m[K’:
[7.103s] [01m[K/home/myungw00/ROS2/Qt_ws/src/qt_pointcloud_viewer/src/pointcloud_widget.cpp:693:9:[m[K [01;31m[Kerror: [m[K‘[01m[KshowInterestObjects_[m[K’ was not declared in this scope; did you mean ‘[01m[KrenderInterestObjects[m[K’?
[7.103s]   693 |     if ([01;31m[KshowInterestObjects_[m[K) {
[7.104s]       |         [01;31m[K^~~~~~~~~~~~~~~~~~~~[m[K
[7.104s]       |         [32m[KrenderInterestObjects[m[K
[7.425s] [01m[K/home/myungw00/ROS2/Qt_ws/src/qt_pointcloud_viewer/src/control_tree_widget.cpp:[m[K In lambda function:
[7.425s] [01m[K/home/myungw00/ROS2/Qt_ws/src/qt_pointcloud_viewer/src/control_tree_widget.cpp:204:52:[m[K [01;31m[Kerror: [m[Kinvalid operands of types ‘[01m[Kconst char*[m[K’ and ‘[01m[Kconst char [2][m[K’ to binary ‘[01m[Koperator+[m[K’
[7.425s]   204 |             qDebug() << [32m[K"Grid cell count:" + value[m[K [01;31m[K+[m[K [34m[K"x"[m[K + value;
[7.425s]       |                         [32m[K~~~~~~~~~~~~~~~~~~~~~~~~~~[m[K [01;31m[K^[m[K [34m[K~~~[m[K
[7.425s]       |                                            [32m[K|[m[K         [34m[K|[m[K
[7.426s]       |                                            [32m[K|[m[K         [34m[Kconst char [2][m[K
[7.426s]       |                                            [32m[Kconst char*[m[K
[8.075s] make[2]: *** [CMakeFiles/qt_pointcloud_viewer.dir/build.make:165: CMakeFiles/qt_pointcloud_viewer.dir/src/pointcloud_widget.cpp.o] Error 1
[8.075s] make[2]: *** Waiting for unfinished jobs....
[8.612s] make[2]: *** [CMakeFiles/qt_pointcloud_viewer.dir/build.make:249: CMakeFiles/qt_pointcloud_viewer.dir/src/control_tree_widget.cpp.o] Error 1
[10.299s] make[1]: *** [CMakeFiles/Makefile2:152: CMakeFiles/qt_pointcloud_viewer.dir/all] Error 2
[10.299s] make: *** [Makefile:146: all] Error 2
[10.303s] Invoked command in '/home/myungw00/ROS2/Qt_ws/src/qt_pointcloud_viewer/build/qt_pointcloud_viewer' returned '2': CMAKE_PREFIX_PATH=${CMAKE_PREFIX_PATH}:/home/myungw00/ROS2/ros2_ws/install/python_parameters:/home/myungw00/ROS2/ros2_ws/install/py_pubsub:/home/myungw00/ROS2/ros2_ws/install/examples_rclpy_pointcloud_publisher:/home/myungw00/ROS2/ros2_ws/install/examples_rclpy_minimal_subscriber:/home/myungw00/ROS2/ros2_ws/install/examples_rclpy_minimal_service:/home/myungw00/ROS2/ros2_ws/install/examples_rclpy_minimal_publisher:/home/myungw00/ROS2/ros2_ws/install/examples_rclpy_minimal_client:/home/myungw00/ROS2/ros2_ws/install/examples_rclpy_minimal_action_server:/home/myungw00/ROS2/ros2_ws/install/examples_rclpy_minimal_action_client:/home/myungw00/ROS2/ros2_ws/install/examples_rclpy_guard_conditions:/home/myungw00/ROS2/ros2_ws/install/examples_rclpy_executors:/opt/ros/galactic /home/myungw00/.local/bin/cmake --build /home/myungw00/ROS2/Qt_ws/src/qt_pointcloud_viewer/build/qt_pointcloud_viewer -- -j16 -l16
