[  2%] [34m[1mAutomatic MOC and UIC for target qt_pointcloud_viewer[0m
[  2%] Built target qt_pointcloud_viewer_autogen
[  5%] [34m[1mGenerating include/qt_pointcloud_viewer/moc_pointcloud_widget.cpp[0m
[  7%] [32mBuilding CXX object CMakeFiles/qt_pointcloud_viewer.dir/src/main.cpp.o[0m
[ 10%] [32mBuilding CXX object CMakeFiles/qt_pointcloud_viewer.dir/src/mainwindow.cpp.o[0m
[ 13%] [32mBuilding CXX object CMakeFiles/qt_pointcloud_viewer.dir/src/pointcloud_widget.cpp.o[0m
[ 15%] [32mBuilding CXX object CMakeFiles/qt_pointcloud_viewer.dir/src/viewer_container.cpp.o[0m
[ 18%] [32mBuilding CXX object CMakeFiles/qt_pointcloud_viewer.dir/src/viewer_window.cpp.o[0m
[ 21%] [32mBuilding CXX object CMakeFiles/qt_pointcloud_viewer.dir/src/control_tree_widget.cpp.o[0m
[ 23%] [32mBuilding CXX object CMakeFiles/qt_pointcloud_viewer.dir/src/viewer_settings_manager.cpp.o[0m
[ 26%] [32mBuilding CXX object CMakeFiles/qt_pointcloud_viewer.dir/include/qt_pointcloud_viewer/moc_mainwindow.cpp.o[0m
[ 28%] [32mBuilding CXX object CMakeFiles/qt_pointcloud_viewer.dir/include/qt_pointcloud_viewer/moc_pointcloud_widget.cpp.o[0m
[ 31%] [32mBuilding CXX object CMakeFiles/qt_pointcloud_viewer.dir/include/qt_pointcloud_viewer/moc_viewer_container.cpp.o[0m
[ 34%] [32mBuilding CXX object CMakeFiles/qt_pointcloud_viewer.dir/include/qt_pointcloud_viewer/moc_viewer_window.cpp.o[0m
[ 36%] [32mBuilding CXX object CMakeFiles/qt_pointcloud_viewer.dir/include/qt_pointcloud_viewer/moc_control_tree_widget.cpp.o[0m
[01m[K/home/myungw00/ROS2/Qt_ws/src/qt_pointcloud_viewer/src/pointcloud_widget.cpp:[m[K In member function ‘[01m[Kvirtual void Widget::PointCloudWidget::paintEvent(QPaintEvent*)[m[K’:
[01m[K/home/myungw00/ROS2/Qt_ws/src/qt_pointcloud_viewer/src/pointcloud_widget.cpp:740:13:[m[K [01;31m[Kerror: [m[Kcannot convert ‘[01m[KTypes::Mat4[m[K’ {aka ‘[01m[Kglm::mat<4, 4, float, glm::packed_highp>[m[K’} to ‘[01m[Kconst QString&[m[K’
  740 |             [01;31m[KviewMatrix_[m[K,
      |             [01;31m[K^~~~~~~~~~~[m[K
      |             [01;31m[K|[m[K
      |             [01;31m[KTypes::Mat4 {aka glm::mat<4, 4, float, glm::packed_highp>}[m[K
In file included from [01m[K/home/myungw00/ROS2/Qt_ws/src/qt_pointcloud_viewer/include/qt_pointcloud_viewer/pointcloud_widget.hpp:14[m[K,
                 from [01m[K/home/myungw00/ROS2/Qt_ws/src/qt_pointcloud_viewer/src/pointcloud_widget.cpp:1[m[K:
[01m[K/home/myungw00/ROS2/Qt_ws/src/qt_pointcloud_viewer/include/qt_pointcloud_viewer/render_helper.hpp:126:24:[m[K [01;36m[Knote: [m[K  initializing argument 3 of ‘[01m[Kstatic void RenderHelper::InterestObjectRenderer::drawInterestObjectLabels(QPainter&, const QHash<QString, std::shared_ptr<Types::InterestObject> >&, const QString&, const Mat4&, const Mat4&, int, int, float)[m[K’
  126 |         [01;36m[Kconst QString& currentRobot[m[K,
      |         [01;36m[K~~~~~~~~~~~~~~~^~~~~~~~~~~~[m[K
make[2]: *** [CMakeFiles/qt_pointcloud_viewer.dir/build.make:165: CMakeFiles/qt_pointcloud_viewer.dir/src/pointcloud_widget.cpp.o] Error 1
make[2]: *** Waiting for unfinished jobs....
make[1]: *** [CMakeFiles/Makefile2:152: CMakeFiles/qt_pointcloud_viewer.dir/all] Error 2
make: *** [Makefile:146: all] Error 2
