[  5%] [34m[1mAutomatic MOC and UIC for target qt_pointcloud_viewer[0m
[  5%] Built target qt_pointcloud_viewer_autogen
[ 11%] [32mBuilding CXX object CMakeFiles/qt_pointcloud_viewer.dir/src/main.cpp.o[0m
[ 17%] [32mBuilding CXX object CMakeFiles/qt_pointcloud_viewer.dir/src/mainwindow.cpp.o[0m
[ 23%] [32mBuilding CXX object CMakeFiles/qt_pointcloud_viewer.dir/src/float_widget.cpp.o[0m
[01m[K/home/myungw00/ROS2/Qt_ws/src/qt_pointcloud_viewer/src/mainwindow.cpp:[m[K In member function ‘[01m[Kvoid MainWindow::handleDockRequest(const QString&, int, int)[m[K’:
[01m[K/home/myungw00/ROS2/Qt_ws/src/qt_pointcloud_viewer/src/mainwindow.cpp:141:12:[m[K [01;31m[Kerror: [m[Kinvalid use of incomplete type ‘[01m[Kclass QDebug[m[K’
  141 |     qDebug([01;31m[K)[m[K << "handleDockRequest called for" << widgetName << "at (" << row << "," << col << ")";
      |            [01;31m[K^[m[K
In file included from [01m[K/usr/include/x86_64-linux-gnu/qt5/QtCore/qglobal.h:1206[m[K,
                 from [01m[K/usr/include/x86_64-linux-gnu/qt5/QtGui/qtguiglobal.h:43[m[K,
                 from [01m[K/usr/include/x86_64-linux-gnu/qt5/QtGui/qvector3d.h:43[m[K,
                 from [01m[K/usr/include/x86_64-linux-gnu/qt5/QtGui/QVector3D:1[m[K,
                 from [01m[K/home/myungw00/ROS2/Qt_ws/src/qt_pointcloud_viewer/include/qt_pointcloud_viewer/mainwindow.hpp:3[m[K,
                 from [01m[K/home/myungw00/ROS2/Qt_ws/src/qt_pointcloud_viewer/src/mainwindow.cpp:1[m[K:
[01m[K/usr/include/x86_64-linux-gnu/qt5/QtCore/qlogging.h:57:7:[m[K [01;36m[Knote: [m[Kforward declaration of ‘[01m[Kclass QDebug[m[K’
   57 | class [01;36m[KQDebug[m[K;
      |       [01;36m[K^~~~~~[m[K
[01m[K/home/myungw00/ROS2/Qt_ws/src/qt_pointcloud_viewer/src/mainwindow.cpp:142:12:[m[K [01;31m[Kerror: [m[Kinvalid use of incomplete type ‘[01m[Kclass QDebug[m[K’
  142 |     qDebug([01;31m[K)[m[K << "floatWidget_:" << floatWidget_ << ", isFloating:" << (floatWidget_ ? floatWidget_->isFloating() : false);
      |            [01;31m[K^[m[K
In file included from [01m[K/usr/include/x86_64-linux-gnu/qt5/QtCore/qglobal.h:1206[m[K,
                 from [01m[K/usr/include/x86_64-linux-gnu/qt5/QtGui/qtguiglobal.h:43[m[K,
                 from [01m[K/usr/include/x86_64-linux-gnu/qt5/QtGui/qvector3d.h:43[m[K,
                 from [01m[K/usr/include/x86_64-linux-gnu/qt5/QtGui/QVector3D:1[m[K,
                 from [01m[K/home/myungw00/ROS2/Qt_ws/src/qt_pointcloud_viewer/include/qt_pointcloud_viewer/mainwindow.hpp:3[m[K,
                 from [01m[K/home/myungw00/ROS2/Qt_ws/src/qt_pointcloud_viewer/src/mainwindow.cpp:1[m[K:
[01m[K/usr/include/x86_64-linux-gnu/qt5/QtCore/qlogging.h:57:7:[m[K [01;36m[Knote: [m[Kforward declaration of ‘[01m[Kclass QDebug[m[K’
   57 | class [01;36m[KQDebug[m[K;
      |       [01;36m[K^~~~~~[m[K
make[2]: *** [CMakeFiles/qt_pointcloud_viewer.dir/build.make:127: CMakeFiles/qt_pointcloud_viewer.dir/src/mainwindow.cpp.o] Error 1
make[2]: *** Waiting for unfinished jobs....
make[1]: *** [CMakeFiles/Makefile2:152: CMakeFiles/qt_pointcloud_viewer.dir/all] Error 2
make: *** [Makefile:146: all] Error 2
