[0.013s] Invoking command in '/home/myungw00/ROS2/Qt_ws/src/qt_pointcloud_viewer/build/qt_pointcloud_viewer': CMAKE_PREFIX_PATH=${CMAKE_PREFIX_PATH}:/home/myungw00/ROS2/ros2_ws/install/python_parameters:/home/myungw00/ROS2/ros2_ws/install/py_pubsub:/home/myungw00/ROS2/ros2_ws/install/examples_rclpy_pointcloud_publisher:/home/myungw00/ROS2/ros2_ws/install/examples_rclpy_minimal_subscriber:/home/myungw00/ROS2/ros2_ws/install/examples_rclpy_minimal_service:/home/myungw00/ROS2/ros2_ws/install/examples_rclpy_minimal_publisher:/home/myungw00/ROS2/ros2_ws/install/examples_rclpy_minimal_client:/home/myungw00/ROS2/ros2_ws/install/examples_rclpy_minimal_action_server:/home/myungw00/ROS2/ros2_ws/install/examples_rclpy_minimal_action_client:/home/myungw00/ROS2/ros2_ws/install/examples_rclpy_guard_conditions:/home/myungw00/ROS2/ros2_ws/install/examples_rclpy_executors:/opt/ros/galactic /home/myungw00/.local/bin/cmake --build /home/myungw00/ROS2/Qt_ws/src/qt_pointcloud_viewer/build/qt_pointcloud_viewer -- -j16 -l16
[0.111s] [  2%] [34m[1mAutomatic MOC and UIC for target qt_pointcloud_viewer[0m
[0.121s] [  2%] Built target qt_pointcloud_viewer_autogen
[0.315s] [  5%] [32mBuilding CXX object CMakeFiles/qt_pointcloud_viewer.dir/src/pointcloud_widget.cpp.o[0m
[0.318s] [  7%] [32mBuilding CXX object CMakeFiles/qt_pointcloud_viewer.dir/src/control_tree_widget.cpp.o[0m
[0.318s] [ 10%] [32mBuilding CXX object CMakeFiles/qt_pointcloud_viewer.dir/src/viewer_settings_manager.cpp.o[0m
[4.068s] [01m[K/home/myungw00/ROS2/Qt_ws/src/qt_pointcloud_viewer/src/pointcloud_widget.cpp:[m[K In constructor ‘[01m[KWidget::PointCloudWidget::PointCloudWidget(QWidget*)[m[K’:
[4.068s] [01m[K/home/myungw00/ROS2/Qt_ws/src/qt_pointcloud_viewer/src/pointcloud_widget.cpp:44:5:[m[K [01;31m[Kerror: [m[K‘[01m[KshowInterestObjects_[m[K’ was not declared in this scope; did you mean ‘[01m[KrenderInterestObjects[m[K’?
[4.068s]    44 |     [01;31m[KshowInterestObjects_[m[K = true;  // 추가
[4.068s]       |     [01;31m[K^~~~~~~~~~~~~~~~~~~~[m[K
[4.068s]       |     [32m[KrenderInterestObjects[m[K
[4.069s] [01m[K/home/myungw00/ROS2/Qt_ws/src/qt_pointcloud_viewer/src/pointcloud_widget.cpp:[m[K In lambda function:
[4.069s] [01m[K/home/myungw00/ROS2/Qt_ws/src/qt_pointcloud_viewer/src/pointcloud_widget.cpp:66:17:[m[K [01;31m[Kerror: [m[K‘[01m[KshowInterestObjects_[m[K’ is not captured
[4.069s]    66 |                 [01;31m[KshowInterestObjects_[m[K = show;
[4.069s]       |                 [01;31m[K^~~~~~~~~~~~~~~~~~~~[m[K
[4.069s] [01m[K/home/myungw00/ROS2/Qt_ws/src/qt_pointcloud_viewer/src/pointcloud_widget.cpp:65:24:[m[K [01;36m[Knote: [m[Kthe lambda has no capture-default
[4.069s]    65 |             this, [this[01;36m[K][m[K(bool show) {
[4.069s]       |                        [01;36m[K^[m[K
[4.069s] [01m[K/home/myungw00/ROS2/Qt_ws/src/qt_pointcloud_viewer/src/pointcloud_widget.cpp:44:5:[m[K [01;36m[Knote: [m[K‘[01m[K<typeprefixerror>showInterestObjects_[m[K’ declared here
[4.069s]    44 |     [01;36m[KshowInterestObjects_[m[K = true;  // 추가
[4.069s]       |     [01;36m[K^~~~~~~~~~~~~~~~~~~~[m[K
[4.093s] [01m[K/home/myungw00/ROS2/Qt_ws/src/qt_pointcloud_viewer/src/pointcloud_widget.cpp:[m[K At global scope:
[4.093s] [01m[K/home/myungw00/ROS2/Qt_ws/src/qt_pointcloud_viewer/src/pointcloud_widget.cpp:511:6:[m[K [01;31m[Kerror: [m[Kno declaration matches ‘[01m[Kvoid Widget::PointCloudWidget::setShowObjects(bool)[m[K’
[4.093s]   511 | void [01;31m[KPointCloudWidget[m[K::setShowObjects(bool show) {
[4.093s]       |      [01;31m[K^~~~~~~~~~~~~~~~[m[K
[4.094s] [01m[K/home/myungw00/ROS2/Qt_ws/src/qt_pointcloud_viewer/src/pointcloud_widget.cpp:511:6:[m[K [01;36m[Knote: [m[Kno functions named ‘[01m[Kvoid Widget::PointCloudWidget::setShowObjects(bool)[m[K’
[4.094s] In file included from [01m[K/home/myungw00/ROS2/Qt_ws/src/qt_pointcloud_viewer/src/pointcloud_widget.cpp:1[m[K:
[4.094s] [01m[K/home/myungw00/ROS2/Qt_ws/src/qt_pointcloud_viewer/include/qt_pointcloud_viewer/pointcloud_widget.hpp:26:11:[m[K [01;36m[Knote: [m[K‘[01m[Kclass Widget::PointCloudWidget[m[K’ defined here
[4.094s]    26 |     class [01;36m[KPointCloudWidget[m[K : public QOpenGLWidget, protected QOpenGLFunctions {
[4.094s]       |           [01;36m[K^~~~~~~~~~~~~~~~[m[K
[4.094s] [01m[K/home/myungw00/ROS2/Qt_ws/src/qt_pointcloud_viewer/src/pointcloud_widget.cpp:516:6:[m[K [01;31m[Kerror: [m[Kno declaration matches ‘[01m[Kvoid Widget::PointCloudWidget::setShowObjectLabels(bool)[m[K’
[4.094s]   516 | void [01;31m[KPointCloudWidget[m[K::setShowObjectLabels(bool show) {
[4.094s]       |      [01;31m[K^~~~~~~~~~~~~~~~[m[K
[4.094s] [01m[K/home/myungw00/ROS2/Qt_ws/src/qt_pointcloud_viewer/src/pointcloud_widget.cpp:516:6:[m[K [01;36m[Knote: [m[Kno functions named ‘[01m[Kvoid Widget::PointCloudWidget::setShowObjectLabels(bool)[m[K’
[4.094s] In file included from [01m[K/home/myungw00/ROS2/Qt_ws/src/qt_pointcloud_viewer/src/pointcloud_widget.cpp:1[m[K:
[4.094s] [01m[K/home/myungw00/ROS2/Qt_ws/src/qt_pointcloud_viewer/include/qt_pointcloud_viewer/pointcloud_widget.hpp:26:11:[m[K [01;36m[Knote: [m[K‘[01m[Kclass Widget::PointCloudWidget[m[K’ defined here
[4.094s]    26 |     class [01;36m[KPointCloudWidget[m[K : public QOpenGLWidget, protected QOpenGLFunctions {
[4.094s]       |           [01;36m[K^~~~~~~~~~~~~~~~[m[K
[4.118s] [01m[K/home/myungw00/ROS2/Qt_ws/src/qt_pointcloud_viewer/src/pointcloud_widget.cpp:[m[K In member function ‘[01m[Kvirtual void Widget::PointCloudWidget::paintGL()[m[K’:
[4.118s] [01m[K/home/myungw00/ROS2/Qt_ws/src/qt_pointcloud_viewer/src/pointcloud_widget.cpp:693:9:[m[K [01;31m[Kerror: [m[K‘[01m[KshowInterestObjects_[m[K’ was not declared in this scope; did you mean ‘[01m[KrenderInterestObjects[m[K’?
[4.118s]   693 |     if ([01;31m[KshowInterestObjects_[m[K) {
[4.118s]       |         [01;31m[K^~~~~~~~~~~~~~~~~~~~[m[K
[4.118s]       |         [32m[KrenderInterestObjects[m[K
[4.122s] [01m[K/home/myungw00/ROS2/Qt_ws/src/qt_pointcloud_viewer/src/viewer_settings_manager.cpp:[m[K In member function ‘[01m[Kvoid Widget::ViewerSettingsManager::applySettings(Widget::PointCloudWidget*, const Widget::ViewerSettings&)[m[K’:
[4.122s] [01m[K/home/myungw00/ROS2/Qt_ws/src/qt_pointcloud_viewer/src/viewer_settings_manager.cpp:172:13:[m[K [01;31m[Kerror: [m[K‘[01m[Kclass Widget::PointCloudWidget[m[K’ has no member named ‘[01m[KsetShowObjects[m[K’; did you mean ‘[01m[KsetShowObject[m[K’?
[4.123s]   172 |     widget->[01;31m[KsetShowObjects[m[K(settings.showObjects);
[4.123s]       |             [01;31m[K^~~~~~~~~~~~~~[m[K
[4.123s]       |             [32m[KsetShowObject[m[K
[4.123s] [01m[K/home/myungw00/ROS2/Qt_ws/src/qt_pointcloud_viewer/src/viewer_settings_manager.cpp:173:13:[m[K [01;31m[Kerror: [m[K‘[01m[Kclass Widget::PointCloudWidget[m[K’ has no member named ‘[01m[KsetShowObjectLabels[m[K’; did you mean ‘[01m[KsetShowObjectLabel[m[K’?
[4.123s]   173 |     widget->[01;31m[KsetShowObjectLabels[m[K(settings.showObjectLabels);
[4.123s]       |             [01;31m[K^~~~~~~~~~~~~~~~~~~[m[K
[4.123s]       |             [32m[KsetShowObjectLabel[m[K
[4.267s] [01m[K/home/myungw00/ROS2/Qt_ws/src/qt_pointcloud_viewer/src/control_tree_widget.cpp:[m[K In lambda function:
[4.267s] [01m[K/home/myungw00/ROS2/Qt_ws/src/qt_pointcloud_viewer/src/control_tree_widget.cpp:204:52:[m[K [01;31m[Kerror: [m[Kinvalid operands of types ‘[01m[Kconst char*[m[K’ and ‘[01m[Kconst char [2][m[K’ to binary ‘[01m[Koperator+[m[K’
[4.267s]   204 |             qDebug() << [32m[K"Grid cell count:" + value[m[K [01;31m[K+[m[K [34m[K"x"[m[K + value;
[4.267s]       |                         [32m[K~~~~~~~~~~~~~~~~~~~~~~~~~~[m[K [01;31m[K^[m[K [34m[K~~~[m[K
[4.267s]       |                                            [32m[K|[m[K         [34m[K|[m[K
[4.267s]       |                                            [32m[K|[m[K         [34m[Kconst char [2][m[K
[4.267s]       |                                            [32m[Kconst char*[m[K
[4.324s] [01m[K/home/myungw00/ROS2/Qt_ws/src/qt_pointcloud_viewer/src/control_tree_widget.cpp:[m[K In lambda function:
[4.324s] [01m[K/home/myungw00/ROS2/Qt_ws/src/qt_pointcloud_viewer/src/control_tree_widget.cpp:1009:32:[m[K [01;31m[Kerror: [m[K‘[01m[Kclass Widget::PointCloudWidget[m[K’ has no member named ‘[01m[KsetShowObjects[m[K’; did you mean ‘[01m[KsetShowObject[m[K’?
[4.324s]  1009 |             pointCloudWidget_->[01;31m[KsetShowObjects[m[K(checked);
[4.324s]       |                                [01;31m[K^~~~~~~~~~~~~~[m[K
[4.324s]       |                                [32m[KsetShowObject[m[K
[4.325s] [01m[K/home/myungw00/ROS2/Qt_ws/src/qt_pointcloud_viewer/src/control_tree_widget.cpp:[m[K In lambda function:
[4.325s] [01m[K/home/myungw00/ROS2/Qt_ws/src/qt_pointcloud_viewer/src/control_tree_widget.cpp:1023:32:[m[K [01;31m[Kerror: [m[K‘[01m[Kclass Widget::PointCloudWidget[m[K’ has no member named ‘[01m[KsetShowObjectLabels[m[K’; did you mean ‘[01m[KsetShowObjectLabel[m[K’?
[4.325s]  1023 |             pointCloudWidget_->[01;31m[KsetShowObjectLabels[m[K(checked);
[4.325s]       |                                [01;31m[K^~~~~~~~~~~~~~~~~~~[m[K
[4.325s]       |                                [32m[KsetShowObjectLabel[m[K
[4.765s] make[2]: *** [CMakeFiles/qt_pointcloud_viewer.dir/build.make:277: CMakeFiles/qt_pointcloud_viewer.dir/src/viewer_settings_manager.cpp.o] Error 1
[4.765s] make[2]: *** Waiting for unfinished jobs....
[4.796s] make[2]: *** [CMakeFiles/qt_pointcloud_viewer.dir/build.make:165: CMakeFiles/qt_pointcloud_viewer.dir/src/pointcloud_widget.cpp.o] Error 1
[5.059s] make[2]: *** [CMakeFiles/qt_pointcloud_viewer.dir/build.make:249: CMakeFiles/qt_pointcloud_viewer.dir/src/control_tree_widget.cpp.o] Error 1
[5.059s] make[1]: *** [CMakeFiles/Makefile2:152: CMakeFiles/qt_pointcloud_viewer.dir/all] Error 2
[5.059s] make: *** [Makefile:146: all] Error 2
[5.062s] Invoked command in '/home/myungw00/ROS2/Qt_ws/src/qt_pointcloud_viewer/build/qt_pointcloud_viewer' returned '2': CMAKE_PREFIX_PATH=${CMAKE_PREFIX_PATH}:/home/myungw00/ROS2/ros2_ws/install/python_parameters:/home/myungw00/ROS2/ros2_ws/install/py_pubsub:/home/myungw00/ROS2/ros2_ws/install/examples_rclpy_pointcloud_publisher:/home/myungw00/ROS2/ros2_ws/install/examples_rclpy_minimal_subscriber:/home/myungw00/ROS2/ros2_ws/install/examples_rclpy_minimal_service:/home/myungw00/ROS2/ros2_ws/install/examples_rclpy_minimal_publisher:/home/myungw00/ROS2/ros2_ws/install/examples_rclpy_minimal_client:/home/myungw00/ROS2/ros2_ws/install/examples_rclpy_minimal_action_server:/home/myungw00/ROS2/ros2_ws/install/examples_rclpy_minimal_action_client:/home/myungw00/ROS2/ros2_ws/install/examples_rclpy_guard_conditions:/home/myungw00/ROS2/ros2_ws/install/examples_rclpy_executors:/opt/ros/galactic /home/myungw00/.local/bin/cmake --build /home/myungw00/ROS2/Qt_ws/src/qt_pointcloud_viewer/build/qt_pointcloud_viewer -- -j16 -l16
