[0.243s] [34mcolcon[0m [1;30mDEBUG[0m [32mCommand line arguments: ['/usr/bin/colcon', 'build'][0m
[0.243s] [34mcolcon[0m [1;30mDEBUG[0m [32mParsed command line arguments: Namespace(allow_overriding=[], ament_cmake_args=None, base_paths=['.'], build_base='build', catkin_cmake_args=None, catkin_skip_building_tests=False, cmake_args=None, cmake_clean_cache=False, cmake_clean_first=False, cmake_force_configure=False, cmake_target=None, cmake_target_skip_unavailable=False, continue_on_error=False, event_handlers=None, executor='parallel', ignore_user_meta=False, install_base='install', log_base=None, log_level=None, main=<bound method BuildVerb.main of <colcon_core.verb.build.BuildVerb object at 0x7f8e53bb2490>>, merge_install=False, metas=['./colcon.meta'], packages_above=None, packages_above_and_dependencies=None, packages_above_depth=None, packages_end=None, packages_ignore=None, packages_ignore_regex=None, packages_select=None, packages_select_build_failed=False, packages_select_by_dep=None, packages_select_regex=None, packages_select_test_failures=False, packages_skip=None, packages_skip_build_finished=False, packages_skip_by_dep=None, packages_skip_regex=None, packages_skip_test_passed=False, packages_skip_up_to=None, packages_start=None, packages_up_to=None, packages_up_to_regex=None, parallel_workers=16, paths=None, symlink_install=False, test_result_base=None, verb_extension=<colcon_core.verb.build.BuildVerb object at 0x7f8e53bb2490>, verb_name='build', verb_parser=<colcon_defaults.argument_parser.defaults.DefaultArgumentsDecorator object at 0x7f8e53b38730>)[0m
[0.448s] [34mcolcon.colcon_core.package_discovery[0m [1;30mLevel 1[0m discover_packages(colcon_meta) check parameters
[0.448s] [34mcolcon.colcon_core.package_discovery[0m [1;30mLevel 1[0m discover_packages(recursive) check parameters
[0.448s] [34mcolcon.colcon_core.package_discovery[0m [1;30mLevel 1[0m discover_packages(ignore) check parameters
[0.448s] [34mcolcon.colcon_core.package_discovery[0m [1;30mLevel 1[0m discover_packages(path) check parameters
[0.448s] [34mcolcon.colcon_core.package_discovery[0m [1;30mLevel 1[0m discover_packages(colcon_meta) discover
[0.448s] [34mcolcon.colcon_core.package_discovery[0m [1;30mLevel 1[0m discover_packages(recursive) discover
[0.449s] [34mcolcon.colcon_core.package_discovery[0m [1;30mINFO[0m Crawling recursively for packages in '/home/myungw00/ROS2/Qt_ws/src/qt_pointcloud_viewer'
[0.449s] [34mcolcon.colcon_core.package_identification[0m [1;30mLevel 1[0m _identify(.) by extensions ['ignore', 'ignore_ament_install']
[0.449s] [34mcolcon.colcon_core.package_identification[0m [1;30mLevel 1[0m _identify(.) by extension 'ignore'
[0.449s] [34mcolcon.colcon_core.package_identification[0m [1;30mLevel 1[0m _identify(.) by extension 'ignore_ament_install'
[0.449s] [34mcolcon.colcon_core.package_identification[0m [1;30mLevel 1[0m _identify(.) by extensions ['colcon_pkg']
[0.449s] [34mcolcon.colcon_core.package_identification[0m [1;30mLevel 1[0m _identify(.) by extension 'colcon_pkg'
[0.449s] [34mcolcon.colcon_core.package_identification[0m [1;30mLevel 1[0m _identify(.) by extensions ['colcon_meta']
[0.449s] [34mcolcon.colcon_core.package_identification[0m [1;30mLevel 1[0m _identify(.) by extension 'colcon_meta'
[0.449s] [34mcolcon.colcon_core.package_identification[0m [1;30mLevel 1[0m _identify(.) by extensions ['ros']
[0.449s] [34mcolcon.colcon_core.package_identification[0m [1;30mLevel 1[0m _identify(.) by extension 'ros'
[0.460s] [34mcolcon.colcon_core.package_identification[0m [1;30mDEBUG[0m [32mPackage '.' with type 'ros.ament_cmake' and name 'qt_pointcloud_viewer'[0m
[0.460s] [34mcolcon.colcon_core.package_discovery[0m [1;30mLevel 1[0m discover_packages(recursive) using defaults
[0.460s] [34mcolcon.colcon_core.package_discovery[0m [1;30mLevel 1[0m discover_packages(ignore) discover
[0.460s] [34mcolcon.colcon_core.package_discovery[0m [1;30mLevel 1[0m discover_packages(ignore) using defaults
[0.460s] [34mcolcon.colcon_core.package_discovery[0m [1;30mLevel 1[0m discover_packages(path) discover
[0.460s] [34mcolcon.colcon_core.package_discovery[0m [1;30mLevel 1[0m discover_packages(path) using defaults
[0.473s] [34mcolcon.colcon_core.package_discovery[0m [1;30mLevel 1[0m discover_packages(prefix_path) check parameters
[0.473s] [34mcolcon.colcon_core.package_discovery[0m [1;30mLevel 1[0m discover_packages(prefix_path) discover
[0.476s] [34mcolcon.colcon_installed_package_information.package_discovery[0m [1;30mDEBUG[0m [32mFound 1 installed packages in /home/myungw00/ROS2/Qt_ws/src/qt_pointcloud_viewer/install[0m
[0.476s] [34mcolcon.colcon_installed_package_information.package_discovery[0m [1;30mDEBUG[0m [32mFound 2 installed packages in /home/myungw00/ROS2/Qt_ws/install[0m
[0.477s] [34mcolcon.colcon_installed_package_information.package_discovery[0m [1;30mDEBUG[0m [32mFound 26 installed packages in /home/myungw00/ROS2/ros2_ws/install[0m
[0.478s] [34mcolcon.colcon_installed_package_information.package_discovery[0m [1;30mDEBUG[0m [32mFound 311 installed packages in /opt/ros/galactic[0m
[0.480s] [34mcolcon.colcon_core.package_discovery[0m [1;30mLevel 1[0m discover_packages(prefix_path) using defaults
[0.538s] [34mcolcon.colcon_core.verb[0m [1;30mLevel 5[0m set package 'qt_pointcloud_viewer' build argument 'cmake_args' from command line to 'None'
[0.538s] [34mcolcon.colcon_core.verb[0m [1;30mLevel 5[0m set package 'qt_pointcloud_viewer' build argument 'cmake_target' from command line to 'None'
[0.538s] [34mcolcon.colcon_core.verb[0m [1;30mLevel 5[0m set package 'qt_pointcloud_viewer' build argument 'cmake_target_skip_unavailable' from command line to 'False'
[0.538s] [34mcolcon.colcon_core.verb[0m [1;30mLevel 5[0m set package 'qt_pointcloud_viewer' build argument 'cmake_clean_cache' from command line to 'False'
[0.538s] [34mcolcon.colcon_core.verb[0m [1;30mLevel 5[0m set package 'qt_pointcloud_viewer' build argument 'cmake_clean_first' from command line to 'False'
[0.538s] [34mcolcon.colcon_core.verb[0m [1;30mLevel 5[0m set package 'qt_pointcloud_viewer' build argument 'cmake_force_configure' from command line to 'False'
[0.538s] [34mcolcon.colcon_core.verb[0m [1;30mLevel 5[0m set package 'qt_pointcloud_viewer' build argument 'ament_cmake_args' from command line to 'None'
[0.538s] [34mcolcon.colcon_core.verb[0m [1;30mLevel 5[0m set package 'qt_pointcloud_viewer' build argument 'catkin_cmake_args' from command line to 'None'
[0.538s] [34mcolcon.colcon_core.verb[0m [1;30mLevel 5[0m set package 'qt_pointcloud_viewer' build argument 'catkin_skip_building_tests' from command line to 'False'
[0.538s] [34mcolcon.colcon_core.verb[0m [1;30mDEBUG[0m [32mBuilding package 'qt_pointcloud_viewer' with the following arguments: {'ament_cmake_args': None, 'build_base': '/home/myungw00/ROS2/Qt_ws/src/qt_pointcloud_viewer/build/qt_pointcloud_viewer', 'catkin_cmake_args': None, 'catkin_skip_building_tests': False, 'cmake_args': None, 'cmake_clean_cache': False, 'cmake_clean_first': False, 'cmake_force_configure': False, 'cmake_target': None, 'cmake_target_skip_unavailable': False, 'install_base': '/home/myungw00/ROS2/Qt_ws/src/qt_pointcloud_viewer/install/qt_pointcloud_viewer', 'merge_install': False, 'path': '/home/myungw00/ROS2/Qt_ws/src/qt_pointcloud_viewer', 'symlink_install': False, 'test_result_base': None}[0m
[0.538s] [34mcolcon.colcon_core.executor[0m [1;30mINFO[0m Executing jobs using 'parallel' executor
[0.539s] [34mcolcon.colcon_parallel_executor.executor.parallel[0m [1;30mDEBUG[0m [32mrun_until_complete[0m
[0.540s] [34mcolcon.colcon_ros.task.ament_cmake.build[0m [1;30mINFO[0m Building ROS package in '/home/myungw00/ROS2/Qt_ws/src/qt_pointcloud_viewer' with build type 'ament_cmake'
[0.540s] [34mcolcon.colcon_cmake.task.cmake.build[0m [1;30mINFO[0m Building CMake package in '/home/myungw00/ROS2/Qt_ws/src/qt_pointcloud_viewer'
[0.541s] [34mcolcon.colcon_core.plugin_system[0m [1;30mINFO[0m Skipping extension 'colcon_core.shell.bat': Not used on non-Windows systems
[0.542s] [34mcolcon.colcon_core.shell[0m [1;30mINFO[0m Skip shell extension 'powershell' for command environment: Not usable outside of PowerShell
[0.542s] [34mcolcon.colcon_core.shell[0m [1;30mDEBUG[0m [32mSkip shell extension 'dsv' for command environment[0m
[0.558s] [34mcolcon.colcon_core.event_handler.log_command[0m [1;30mDEBUG[0m [32mInvoking command in '/home/myungw00/ROS2/Qt_ws/src/qt_pointcloud_viewer/build/qt_pointcloud_viewer': CMAKE_PREFIX_PATH=${CMAKE_PREFIX_PATH}:/home/myungw00/ROS2/ros2_ws/install/python_parameters:/home/myungw00/ROS2/ros2_ws/install/py_pubsub:/home/myungw00/ROS2/ros2_ws/install/examples_rclpy_pointcloud_publisher:/home/myungw00/ROS2/ros2_ws/install/examples_rclpy_minimal_subscriber:/home/myungw00/ROS2/ros2_ws/install/examples_rclpy_minimal_service:/home/myungw00/ROS2/ros2_ws/install/examples_rclpy_minimal_publisher:/home/myungw00/ROS2/ros2_ws/install/examples_rclpy_minimal_client:/home/myungw00/ROS2/ros2_ws/install/examples_rclpy_minimal_action_server:/home/myungw00/ROS2/ros2_ws/install/examples_rclpy_minimal_action_client:/home/myungw00/ROS2/ros2_ws/install/examples_rclpy_guard_conditions:/home/myungw00/ROS2/ros2_ws/install/examples_rclpy_executors:/opt/ros/galactic /home/myungw00/.local/bin/cmake --build /home/myungw00/ROS2/Qt_ws/src/qt_pointcloud_viewer/build/qt_pointcloud_viewer -- -j16 -l16[0m
[8.852s] [34mcolcon.colcon_core.event_handler.log_command[0m [1;30mDEBUG[0m [32mInvoked command in '/home/myungw00/ROS2/Qt_ws/src/qt_pointcloud_viewer/build/qt_pointcloud_viewer' returned '0': CMAKE_PREFIX_PATH=${CMAKE_PREFIX_PATH}:/home/myungw00/ROS2/ros2_ws/install/python_parameters:/home/myungw00/ROS2/ros2_ws/install/py_pubsub:/home/myungw00/ROS2/ros2_ws/install/examples_rclpy_pointcloud_publisher:/home/myungw00/ROS2/ros2_ws/install/examples_rclpy_minimal_subscriber:/home/myungw00/ROS2/ros2_ws/install/examples_rclpy_minimal_service:/home/myungw00/ROS2/ros2_ws/install/examples_rclpy_minimal_publisher:/home/myungw00/ROS2/ros2_ws/install/examples_rclpy_minimal_client:/home/myungw00/ROS2/ros2_ws/install/examples_rclpy_minimal_action_server:/home/myungw00/ROS2/ros2_ws/install/examples_rclpy_minimal_action_client:/home/myungw00/ROS2/ros2_ws/install/examples_rclpy_guard_conditions:/home/myungw00/ROS2/ros2_ws/install/examples_rclpy_executors:/opt/ros/galactic /home/myungw00/.local/bin/cmake --build /home/myungw00/ROS2/Qt_ws/src/qt_pointcloud_viewer/build/qt_pointcloud_viewer -- -j16 -l16[0m
[8.928s] [34mcolcon.colcon_core.event_handler.log_command[0m [1;30mDEBUG[0m [32mInvoking command in '/home/myungw00/ROS2/Qt_ws/src/qt_pointcloud_viewer/build/qt_pointcloud_viewer': CMAKE_PREFIX_PATH=${CMAKE_PREFIX_PATH}:/home/myungw00/ROS2/ros2_ws/install/python_parameters:/home/myungw00/ROS2/ros2_ws/install/py_pubsub:/home/myungw00/ROS2/ros2_ws/install/examples_rclpy_pointcloud_publisher:/home/myungw00/ROS2/ros2_ws/install/examples_rclpy_minimal_subscriber:/home/myungw00/ROS2/ros2_ws/install/examples_rclpy_minimal_service:/home/myungw00/ROS2/ros2_ws/install/examples_rclpy_minimal_publisher:/home/myungw00/ROS2/ros2_ws/install/examples_rclpy_minimal_client:/home/myungw00/ROS2/ros2_ws/install/examples_rclpy_minimal_action_server:/home/myungw00/ROS2/ros2_ws/install/examples_rclpy_minimal_action_client:/home/myungw00/ROS2/ros2_ws/install/examples_rclpy_guard_conditions:/home/myungw00/ROS2/ros2_ws/install/examples_rclpy_executors:/opt/ros/galactic /home/myungw00/.local/bin/cmake --install /home/myungw00/ROS2/Qt_ws/src/qt_pointcloud_viewer/build/qt_pointcloud_viewer[0m
[9.015s] [34mcolcon.colcon_core.environment[0m [1;30mLevel 1[0m create_environment_scripts_only(qt_pointcloud_viewer)
[9.015s] [34mcolcon.colcon_core.event_handler.log_command[0m [1;30mDEBUG[0m [32mInvoked command in '/home/myungw00/ROS2/Qt_ws/src/qt_pointcloud_viewer/build/qt_pointcloud_viewer' returned '0': CMAKE_PREFIX_PATH=${CMAKE_PREFIX_PATH}:/home/myungw00/ROS2/ros2_ws/install/python_parameters:/home/myungw00/ROS2/ros2_ws/install/py_pubsub:/home/myungw00/ROS2/ros2_ws/install/examples_rclpy_pointcloud_publisher:/home/myungw00/ROS2/ros2_ws/install/examples_rclpy_minimal_subscriber:/home/myungw00/ROS2/ros2_ws/install/examples_rclpy_minimal_service:/home/myungw00/ROS2/ros2_ws/install/examples_rclpy_minimal_publisher:/home/myungw00/ROS2/ros2_ws/install/examples_rclpy_minimal_client:/home/myungw00/ROS2/ros2_ws/install/examples_rclpy_minimal_action_server:/home/myungw00/ROS2/ros2_ws/install/examples_rclpy_minimal_action_client:/home/myungw00/ROS2/ros2_ws/install/examples_rclpy_guard_conditions:/home/myungw00/ROS2/ros2_ws/install/examples_rclpy_executors:/opt/ros/galactic /home/myungw00/.local/bin/cmake --install /home/myungw00/ROS2/Qt_ws/src/qt_pointcloud_viewer/build/qt_pointcloud_viewer[0m
[9.017s] [34mcolcon.colcon_core.environment[0m [1;30mLevel 1[0m checking '/home/myungw00/ROS2/Qt_ws/src/qt_pointcloud_viewer/install/qt_pointcloud_viewer' for CMake module files
[9.018s] [34mcolcon.colcon_core.environment[0m [1;30mLevel 1[0m checking '/home/myungw00/ROS2/Qt_ws/src/qt_pointcloud_viewer/install/qt_pointcloud_viewer' for CMake config files
[9.018s] [34mcolcon.colcon_core.shell[0m [1;30mLevel 1[0m create_environment_hook('qt_pointcloud_viewer', 'cmake_prefix_path')
[9.018s] [34mcolcon.colcon_core.shell[0m [1;30mINFO[0m Creating environment hook '/home/myungw00/ROS2/Qt_ws/src/qt_pointcloud_viewer/install/qt_pointcloud_viewer/share/qt_pointcloud_viewer/hook/cmake_prefix_path.ps1'
[9.018s] [34mcolcon.colcon_core.shell[0m [1;30mINFO[0m Creating environment descriptor '/home/myungw00/ROS2/Qt_ws/src/qt_pointcloud_viewer/install/qt_pointcloud_viewer/share/qt_pointcloud_viewer/hook/cmake_prefix_path.dsv'
[9.019s] [34mcolcon.colcon_core.shell[0m [1;30mINFO[0m Creating environment hook '/home/myungw00/ROS2/Qt_ws/src/qt_pointcloud_viewer/install/qt_pointcloud_viewer/share/qt_pointcloud_viewer/hook/cmake_prefix_path.sh'
[9.019s] [34mcolcon.colcon_core.environment[0m [1;30mLevel 1[0m checking '/home/myungw00/ROS2/Qt_ws/src/qt_pointcloud_viewer/install/qt_pointcloud_viewer/lib'
[9.020s] [34mcolcon.colcon_core.environment[0m [1;30mLevel 1[0m checking '/home/myungw00/ROS2/Qt_ws/src/qt_pointcloud_viewer/install/qt_pointcloud_viewer/bin'
[9.020s] [34mcolcon.colcon_core.environment[0m [1;30mLevel 1[0m checking '/home/myungw00/ROS2/Qt_ws/src/qt_pointcloud_viewer/install/qt_pointcloud_viewer/lib/pkgconfig/qt_pointcloud_viewer.pc'
[9.020s] [34mcolcon.colcon_core.environment[0m [1;30mLevel 1[0m checking '/home/myungw00/ROS2/Qt_ws/src/qt_pointcloud_viewer/install/qt_pointcloud_viewer/lib/python3.8/site-packages'
[9.020s] [34mcolcon.colcon_core.environment[0m [1;30mLevel 1[0m checking '/home/myungw00/ROS2/Qt_ws/src/qt_pointcloud_viewer/install/qt_pointcloud_viewer/bin'
[9.020s] [34mcolcon.colcon_core.shell[0m [1;30mINFO[0m Creating package script '/home/myungw00/ROS2/Qt_ws/src/qt_pointcloud_viewer/install/qt_pointcloud_viewer/share/qt_pointcloud_viewer/package.ps1'
[9.021s] [34mcolcon.colcon_core.shell[0m [1;30mINFO[0m Creating package descriptor '/home/myungw00/ROS2/Qt_ws/src/qt_pointcloud_viewer/install/qt_pointcloud_viewer/share/qt_pointcloud_viewer/package.dsv'
[9.021s] [34mcolcon.colcon_core.shell[0m [1;30mINFO[0m Creating package script '/home/myungw00/ROS2/Qt_ws/src/qt_pointcloud_viewer/install/qt_pointcloud_viewer/share/qt_pointcloud_viewer/package.sh'
[9.021s] [34mcolcon.colcon_core.shell[0m [1;30mINFO[0m Creating package script '/home/myungw00/ROS2/Qt_ws/src/qt_pointcloud_viewer/install/qt_pointcloud_viewer/share/qt_pointcloud_viewer/package.bash'
[9.022s] [34mcolcon.colcon_core.shell[0m [1;30mINFO[0m Creating package script '/home/myungw00/ROS2/Qt_ws/src/qt_pointcloud_viewer/install/qt_pointcloud_viewer/share/qt_pointcloud_viewer/package.zsh'
[9.023s] [34mcolcon.colcon_core.environment[0m [1;30mLevel 1[0m create_file_with_runtime_dependencies(/home/myungw00/ROS2/Qt_ws/src/qt_pointcloud_viewer/install/qt_pointcloud_viewer/share/colcon-core/packages/qt_pointcloud_viewer)
[9.024s] [34mcolcon.colcon_core.environment[0m [1;30mLevel 1[0m create_environment_scripts_only(qt_pointcloud_viewer)
[9.024s] [34mcolcon.colcon_core.environment[0m [1;30mLevel 1[0m checking '/home/myungw00/ROS2/Qt_ws/src/qt_pointcloud_viewer/install/qt_pointcloud_viewer' for CMake module files
[9.025s] [34mcolcon.colcon_core.environment[0m [1;30mLevel 1[0m checking '/home/myungw00/ROS2/Qt_ws/src/qt_pointcloud_viewer/install/qt_pointcloud_viewer' for CMake config files
[9.026s] [34mcolcon.colcon_core.shell[0m [1;30mLevel 1[0m create_environment_hook('qt_pointcloud_viewer', 'cmake_prefix_path')
[9.026s] [34mcolcon.colcon_core.shell[0m [1;30mINFO[0m Creating environment hook '/home/myungw00/ROS2/Qt_ws/src/qt_pointcloud_viewer/install/qt_pointcloud_viewer/share/qt_pointcloud_viewer/hook/cmake_prefix_path.ps1'
[9.026s] [34mcolcon.colcon_core.shell[0m [1;30mINFO[0m Creating environment descriptor '/home/myungw00/ROS2/Qt_ws/src/qt_pointcloud_viewer/install/qt_pointcloud_viewer/share/qt_pointcloud_viewer/hook/cmake_prefix_path.dsv'
[9.026s] [34mcolcon.colcon_core.shell[0m [1;30mINFO[0m Creating environment hook '/home/myungw00/ROS2/Qt_ws/src/qt_pointcloud_viewer/install/qt_pointcloud_viewer/share/qt_pointcloud_viewer/hook/cmake_prefix_path.sh'
[9.027s] [34mcolcon.colcon_core.environment[0m [1;30mLevel 1[0m checking '/home/myungw00/ROS2/Qt_ws/src/qt_pointcloud_viewer/install/qt_pointcloud_viewer/lib'
[9.027s] [34mcolcon.colcon_core.environment[0m [1;30mLevel 1[0m checking '/home/myungw00/ROS2/Qt_ws/src/qt_pointcloud_viewer/install/qt_pointcloud_viewer/bin'
[9.027s] [34mcolcon.colcon_core.environment[0m [1;30mLevel 1[0m checking '/home/myungw00/ROS2/Qt_ws/src/qt_pointcloud_viewer/install/qt_pointcloud_viewer/lib/pkgconfig/qt_pointcloud_viewer.pc'
[9.027s] [34mcolcon.colcon_core.environment[0m [1;30mLevel 1[0m checking '/home/myungw00/ROS2/Qt_ws/src/qt_pointcloud_viewer/install/qt_pointcloud_viewer/lib/python3.8/site-packages'
[9.027s] [34mcolcon.colcon_core.environment[0m [1;30mLevel 1[0m checking '/home/myungw00/ROS2/Qt_ws/src/qt_pointcloud_viewer/install/qt_pointcloud_viewer/bin'
[9.028s] [34mcolcon.colcon_core.shell[0m [1;30mINFO[0m Creating package script '/home/myungw00/ROS2/Qt_ws/src/qt_pointcloud_viewer/install/qt_pointcloud_viewer/share/qt_pointcloud_viewer/package.ps1'
[9.028s] [34mcolcon.colcon_core.shell[0m [1;30mINFO[0m Creating package descriptor '/home/myungw00/ROS2/Qt_ws/src/qt_pointcloud_viewer/install/qt_pointcloud_viewer/share/qt_pointcloud_viewer/package.dsv'
[9.028s] [34mcolcon.colcon_core.shell[0m [1;30mINFO[0m Creating package script '/home/myungw00/ROS2/Qt_ws/src/qt_pointcloud_viewer/install/qt_pointcloud_viewer/share/qt_pointcloud_viewer/package.sh'
[9.029s] [34mcolcon.colcon_core.shell[0m [1;30mINFO[0m Creating package script '/home/myungw00/ROS2/Qt_ws/src/qt_pointcloud_viewer/install/qt_pointcloud_viewer/share/qt_pointcloud_viewer/package.bash'
[9.029s] [34mcolcon.colcon_core.shell[0m [1;30mINFO[0m Creating package script '/home/myungw00/ROS2/Qt_ws/src/qt_pointcloud_viewer/install/qt_pointcloud_viewer/share/qt_pointcloud_viewer/package.zsh'
[9.030s] [34mcolcon.colcon_core.environment[0m [1;30mLevel 1[0m create_file_with_runtime_dependencies(/home/myungw00/ROS2/Qt_ws/src/qt_pointcloud_viewer/install/qt_pointcloud_viewer/share/colcon-core/packages/qt_pointcloud_viewer)
[9.030s] [34mcolcon.colcon_parallel_executor.executor.parallel[0m [1;30mDEBUG[0m [32mclosing loop[0m
[9.030s] [34mcolcon.colcon_parallel_executor.executor.parallel[0m [1;30mDEBUG[0m [32mloop closed[0m
[9.030s] [34mcolcon.colcon_parallel_executor.executor.parallel[0m [1;30mDEBUG[0m [32mrun_until_complete finished with '0'[0m
[9.030s] [34mcolcon.colcon_core.event_reactor[0m [1;30mDEBUG[0m [32mjoining thread[0m
[9.036s] [34mcolcon.colcon_core.plugin_system[0m [1;30mINFO[0m Skipping extension 'colcon_notification.desktop_notification.terminal_notifier': Not used on non-Darwin systems
[9.036s] [34mcolcon.colcon_core.plugin_system[0m [1;30mINFO[0m Skipping extension 'colcon_notification.desktop_notification.win32': Not used on non-Windows systems
[9.036s] [34mcolcon.colcon_notification.desktop_notification[0m [1;30mINFO[0m Sending desktop notification using 'notify2'
[9.052s] [34mcolcon.colcon_core.event_reactor[0m [1;30mDEBUG[0m [32mjoined thread[0m
[9.052s] [34mcolcon.colcon_core.shell[0m [1;30mINFO[0m Creating prefix script '/home/myungw00/ROS2/Qt_ws/src/qt_pointcloud_viewer/install/local_setup.ps1'
[9.053s] [34mcolcon.colcon_core.shell[0m [1;30mINFO[0m Creating prefix util module '/home/myungw00/ROS2/Qt_ws/src/qt_pointcloud_viewer/install/_local_setup_util_ps1.py'
[9.054s] [34mcolcon.colcon_core.shell[0m [1;30mINFO[0m Creating prefix chain script '/home/myungw00/ROS2/Qt_ws/src/qt_pointcloud_viewer/install/setup.ps1'
[9.055s] [34mcolcon.colcon_core.shell[0m [1;30mINFO[0m Creating prefix script '/home/myungw00/ROS2/Qt_ws/src/qt_pointcloud_viewer/install/local_setup.sh'
[9.056s] [34mcolcon.colcon_core.shell[0m [1;30mINFO[0m Creating prefix util module '/home/myungw00/ROS2/Qt_ws/src/qt_pointcloud_viewer/install/_local_setup_util_sh.py'
[9.056s] [34mcolcon.colcon_core.shell[0m [1;30mINFO[0m Creating prefix chain script '/home/myungw00/ROS2/Qt_ws/src/qt_pointcloud_viewer/install/setup.sh'
[9.058s] [34mcolcon.colcon_core.shell[0m [1;30mINFO[0m Creating prefix script '/home/myungw00/ROS2/Qt_ws/src/qt_pointcloud_viewer/install/local_setup.bash'
[9.058s] [34mcolcon.colcon_core.shell[0m [1;30mINFO[0m Creating prefix chain script '/home/myungw00/ROS2/Qt_ws/src/qt_pointcloud_viewer/install/setup.bash'
[9.059s] [34mcolcon.colcon_core.shell[0m [1;30mINFO[0m Creating prefix script '/home/myungw00/ROS2/Qt_ws/src/qt_pointcloud_viewer/install/local_setup.zsh'
[9.060s] [34mcolcon.colcon_core.shell[0m [1;30mINFO[0m Creating prefix chain script '/home/myungw00/ROS2/Qt_ws/src/qt_pointcloud_viewer/install/setup.zsh'
