[  2%] [34m[1mAutomatic MOC and UIC for target qt_pointcloud_viewer[0m
[  2%] Built target qt_pointcloud_viewer_autogen
[  5%] [32mBuilding CXX object CMakeFiles/qt_pointcloud_viewer.dir/src/pointcloud_widget.cpp.o[0m
[  7%] [32m[1mLinking CXX executable qt_pointcloud_viewer[0m
[100%] Built target qt_pointcloud_viewer
-- Install configuration: ""
-- Execute custom install script
-- Up-to-date symlink: /home/myungw00/ROS2/Qt_ws/src/qt_pointcloud_viewer/install/qt_pointcloud_viewer/lib/qt_pointcloud_viewer/qt_pointcloud_viewer
-- Up-to-date symlink: /home/myungw00/ROS2/Qt_ws/src/qt_pointcloud_viewer/install/qt_pointcloud_viewer/share/ament_index/resource_index/package_run_dependencies/qt_pointcloud_viewer
-- Up-to-date symlink: /home/myungw00/ROS2/Qt_ws/src/qt_pointcloud_viewer/install/qt_pointcloud_viewer/share/ament_index/resource_index/parent_prefix_path/qt_pointcloud_viewer
-- Up-to-date symlink: /home/myungw00/ROS2/Qt_ws/src/qt_pointcloud_viewer/install/qt_pointcloud_viewer/share/qt_pointcloud_viewer/environment/ament_prefix_path.sh
-- Up-to-date symlink: /home/myungw00/ROS2/Qt_ws/src/qt_pointcloud_viewer/install/qt_pointcloud_viewer/share/qt_pointcloud_viewer/environment/ament_prefix_path.dsv
-- Up-to-date symlink: /home/myungw00/ROS2/Qt_ws/src/qt_pointcloud_viewer/install/qt_pointcloud_viewer/share/qt_pointcloud_viewer/environment/path.sh
-- Up-to-date symlink: /home/myungw00/ROS2/Qt_ws/src/qt_pointcloud_viewer/install/qt_pointcloud_viewer/share/qt_pointcloud_viewer/environment/path.dsv
-- Up-to-date symlink: /home/myungw00/ROS2/Qt_ws/src/qt_pointcloud_viewer/install/qt_pointcloud_viewer/share/qt_pointcloud_viewer/local_setup.bash
-- Up-to-date symlink: /home/myungw00/ROS2/Qt_ws/src/qt_pointcloud_viewer/install/qt_pointcloud_viewer/share/qt_pointcloud_viewer/local_setup.sh
-- Up-to-date symlink: /home/myungw00/ROS2/Qt_ws/src/qt_pointcloud_viewer/install/qt_pointcloud_viewer/share/qt_pointcloud_viewer/local_setup.zsh
-- Up-to-date symlink: /home/myungw00/ROS2/Qt_ws/src/qt_pointcloud_viewer/install/qt_pointcloud_viewer/share/qt_pointcloud_viewer/local_setup.dsv
-- Symlinking: /home/myungw00/ROS2/Qt_ws/src/qt_pointcloud_viewer/install/qt_pointcloud_viewer/share/qt_pointcloud_viewer/package.dsv
-- Up-to-date symlink: /home/myungw00/ROS2/Qt_ws/src/qt_pointcloud_viewer/install/qt_pointcloud_viewer/share/ament_index/resource_index/packages/qt_pointcloud_viewer
-- Up-to-date symlink: /home/myungw00/ROS2/Qt_ws/src/qt_pointcloud_viewer/install/qt_pointcloud_viewer/share/qt_pointcloud_viewer/cmake/qt_pointcloud_viewerConfig.cmake
-- Up-to-date symlink: /home/myungw00/ROS2/Qt_ws/src/qt_pointcloud_viewer/install/qt_pointcloud_viewer/share/qt_pointcloud_viewer/cmake/qt_pointcloud_viewerConfig-version.cmake
-- Up-to-date symlink: /home/myungw00/ROS2/Qt_ws/src/qt_pointcloud_viewer/install/qt_pointcloud_viewer/share/qt_pointcloud_viewer/package.xml
