[0.043s] Invoking command in '/home/myungw00/ROS2/Qt_ws/src/qt_pointcloud_viewer/build/qt_pointcloud_viewer': CMAKE_PREFIX_PATH=${CMAKE_PREFIX_PATH}:/home/myungw00/ROS2/ros2_ws/install/python_parameters:/home/myungw00/ROS2/ros2_ws/install/py_pubsub:/home/myungw00/ROS2/ros2_ws/install/examples_rclpy_pointcloud_publisher:/home/myungw00/ROS2/ros2_ws/install/examples_rclpy_minimal_subscriber:/home/myungw00/ROS2/ros2_ws/install/examples_rclpy_minimal_service:/home/myungw00/ROS2/ros2_ws/install/examples_rclpy_minimal_publisher:/home/myungw00/ROS2/ros2_ws/install/examples_rclpy_minimal_client:/home/myungw00/ROS2/ros2_ws/install/examples_rclpy_minimal_action_server:/home/myungw00/ROS2/ros2_ws/install/examples_rclpy_minimal_action_client:/home/myungw00/ROS2/ros2_ws/install/examples_rclpy_guard_conditions:/home/myungw00/ROS2/ros2_ws/install/examples_rclpy_executors:/opt/ros/galactic /home/myungw00/.local/bin/cmake --build /home/myungw00/ROS2/Qt_ws/src/qt_pointcloud_viewer/build/qt_pointcloud_viewer -- -j16 -l16
[0.136s] [  2%] [34m[1mAutomatic MOC and UIC for target qt_pointcloud_viewer[0m
[0.151s] [  2%] Built target qt_pointcloud_viewer_autogen
[0.344s] [  5%] [32mBuilding CXX object CMakeFiles/qt_pointcloud_viewer.dir/src/pointcloud_widget.cpp.o[0m
[4.859s] [  7%] [32m[1mLinking CXX executable qt_pointcloud_viewer[0m
[8.729s] [100%] Built target qt_pointcloud_viewer
[8.738s] Invoked command in '/home/myungw00/ROS2/Qt_ws/src/qt_pointcloud_viewer/build/qt_pointcloud_viewer' returned '0': CMAKE_PREFIX_PATH=${CMAKE_PREFIX_PATH}:/home/myungw00/ROS2/ros2_ws/install/python_parameters:/home/myungw00/ROS2/ros2_ws/install/py_pubsub:/home/myungw00/ROS2/ros2_ws/install/examples_rclpy_pointcloud_publisher:/home/myungw00/ROS2/ros2_ws/install/examples_rclpy_minimal_subscriber:/home/myungw00/ROS2/ros2_ws/install/examples_rclpy_minimal_service:/home/myungw00/ROS2/ros2_ws/install/examples_rclpy_minimal_publisher:/home/myungw00/ROS2/ros2_ws/install/examples_rclpy_minimal_client:/home/myungw00/ROS2/ros2_ws/install/examples_rclpy_minimal_action_server:/home/myungw00/ROS2/ros2_ws/install/examples_rclpy_minimal_action_client:/home/myungw00/ROS2/ros2_ws/install/examples_rclpy_guard_conditions:/home/myungw00/ROS2/ros2_ws/install/examples_rclpy_executors:/opt/ros/galactic /home/myungw00/.local/bin/cmake --build /home/myungw00/ROS2/Qt_ws/src/qt_pointcloud_viewer/build/qt_pointcloud_viewer -- -j16 -l16
[8.815s] Invoking command in '/home/myungw00/ROS2/Qt_ws/src/qt_pointcloud_viewer/build/qt_pointcloud_viewer': CMAKE_PREFIX_PATH=${CMAKE_PREFIX_PATH}:/home/myungw00/ROS2/ros2_ws/install/python_parameters:/home/myungw00/ROS2/ros2_ws/install/py_pubsub:/home/myungw00/ROS2/ros2_ws/install/examples_rclpy_pointcloud_publisher:/home/myungw00/ROS2/ros2_ws/install/examples_rclpy_minimal_subscriber:/home/myungw00/ROS2/ros2_ws/install/examples_rclpy_minimal_service:/home/myungw00/ROS2/ros2_ws/install/examples_rclpy_minimal_publisher:/home/myungw00/ROS2/ros2_ws/install/examples_rclpy_minimal_client:/home/myungw00/ROS2/ros2_ws/install/examples_rclpy_minimal_action_server:/home/myungw00/ROS2/ros2_ws/install/examples_rclpy_minimal_action_client:/home/myungw00/ROS2/ros2_ws/install/examples_rclpy_guard_conditions:/home/myungw00/ROS2/ros2_ws/install/examples_rclpy_executors:/opt/ros/galactic /home/myungw00/.local/bin/cmake --install /home/myungw00/ROS2/Qt_ws/src/qt_pointcloud_viewer/build/qt_pointcloud_viewer
[8.880s] -- Install configuration: ""
[8.880s] -- Execute custom install script
[8.881s] -- Up-to-date symlink: /home/myungw00/ROS2/Qt_ws/src/qt_pointcloud_viewer/install/qt_pointcloud_viewer/lib/qt_pointcloud_viewer/qt_pointcloud_viewer
[8.881s] -- Up-to-date symlink: /home/myungw00/ROS2/Qt_ws/src/qt_pointcloud_viewer/install/qt_pointcloud_viewer/share/ament_index/resource_index/package_run_dependencies/qt_pointcloud_viewer
[8.881s] -- Up-to-date symlink: /home/myungw00/ROS2/Qt_ws/src/qt_pointcloud_viewer/install/qt_pointcloud_viewer/share/ament_index/resource_index/parent_prefix_path/qt_pointcloud_viewer
[8.881s] -- Up-to-date symlink: /home/myungw00/ROS2/Qt_ws/src/qt_pointcloud_viewer/install/qt_pointcloud_viewer/share/qt_pointcloud_viewer/environment/ament_prefix_path.sh
[8.881s] -- Up-to-date symlink: /home/myungw00/ROS2/Qt_ws/src/qt_pointcloud_viewer/install/qt_pointcloud_viewer/share/qt_pointcloud_viewer/environment/ament_prefix_path.dsv
[8.882s] -- Up-to-date symlink: /home/myungw00/ROS2/Qt_ws/src/qt_pointcloud_viewer/install/qt_pointcloud_viewer/share/qt_pointcloud_viewer/environment/path.sh
[8.882s] -- Up-to-date symlink: /home/myungw00/ROS2/Qt_ws/src/qt_pointcloud_viewer/install/qt_pointcloud_viewer/share/qt_pointcloud_viewer/environment/path.dsv
[8.882s] -- Up-to-date symlink: /home/myungw00/ROS2/Qt_ws/src/qt_pointcloud_viewer/install/qt_pointcloud_viewer/share/qt_pointcloud_viewer/local_setup.bash
[8.882s] -- Up-to-date symlink: /home/myungw00/ROS2/Qt_ws/src/qt_pointcloud_viewer/install/qt_pointcloud_viewer/share/qt_pointcloud_viewer/local_setup.sh
[8.882s] -- Up-to-date symlink: /home/myungw00/ROS2/Qt_ws/src/qt_pointcloud_viewer/install/qt_pointcloud_viewer/share/qt_pointcloud_viewer/local_setup.zsh
[8.882s] -- Up-to-date symlink: /home/myungw00/ROS2/Qt_ws/src/qt_pointcloud_viewer/install/qt_pointcloud_viewer/share/qt_pointcloud_viewer/local_setup.dsv
[8.882s] -- Symlinking: /home/myungw00/ROS2/Qt_ws/src/qt_pointcloud_viewer/install/qt_pointcloud_viewer/share/qt_pointcloud_viewer/package.dsv
[8.887s] -- Up-to-date symlink: /home/myungw00/ROS2/Qt_ws/src/qt_pointcloud_viewer/install/qt_pointcloud_viewer/share/ament_index/resource_index/packages/qt_pointcloud_viewer
[8.887s] -- Up-to-date symlink: /home/myungw00/ROS2/Qt_ws/src/qt_pointcloud_viewer/install/qt_pointcloud_viewer/share/qt_pointcloud_viewer/cmake/qt_pointcloud_viewerConfig.cmake
[8.887s] -- Up-to-date symlink: /home/myungw00/ROS2/Qt_ws/src/qt_pointcloud_viewer/install/qt_pointcloud_viewer/share/qt_pointcloud_viewer/cmake/qt_pointcloud_viewerConfig-version.cmake
[8.888s] -- Up-to-date symlink: /home/myungw00/ROS2/Qt_ws/src/qt_pointcloud_viewer/install/qt_pointcloud_viewer/share/qt_pointcloud_viewer/package.xml
[8.890s] Invoked command in '/home/myungw00/ROS2/Qt_ws/src/qt_pointcloud_viewer/build/qt_pointcloud_viewer' returned '0': CMAKE_PREFIX_PATH=${CMAKE_PREFIX_PATH}:/home/myungw00/ROS2/ros2_ws/install/python_parameters:/home/myungw00/ROS2/ros2_ws/install/py_pubsub:/home/myungw00/ROS2/ros2_ws/install/examples_rclpy_pointcloud_publisher:/home/myungw00/ROS2/ros2_ws/install/examples_rclpy_minimal_subscriber:/home/myungw00/ROS2/ros2_ws/install/examples_rclpy_minimal_service:/home/myungw00/ROS2/ros2_ws/install/examples_rclpy_minimal_publisher:/home/myungw00/ROS2/ros2_ws/install/examples_rclpy_minimal_client:/home/myungw00/ROS2/ros2_ws/install/examples_rclpy_minimal_action_server:/home/myungw00/ROS2/ros2_ws/install/examples_rclpy_minimal_action_client:/home/myungw00/ROS2/ros2_ws/install/examples_rclpy_guard_conditions:/home/myungw00/ROS2/ros2_ws/install/examples_rclpy_executors:/opt/ros/galactic /home/myungw00/.local/bin/cmake --install /home/myungw00/ROS2/Qt_ws/src/qt_pointcloud_viewer/build/qt_pointcloud_viewer
