[  5%] [34m[1mAutomatic MOC and UIC for target qt_pointcloud_viewer[0m
[  5%] Built target qt_pointcloud_viewer_autogen
[ 11%] [34m[1mGenerating include/qt_pointcloud_viewer/moc_mainwindow.cpp[0m
[ 17%] [32mBuilding CXX object CMakeFiles/qt_pointcloud_viewer.dir/src/main.cpp.o[0m
[ 23%] [32mBuilding CXX object CMakeFiles/qt_pointcloud_viewer.dir/src/mainwindow.cpp.o[0m
[ 29%] [32mBuilding CXX object CMakeFiles/qt_pointcloud_viewer.dir/include/qt_pointcloud_viewer/moc_mainwindow.cpp.o[0m
[ 35%] [32m[1mLinking CXX executable qt_pointcloud_viewer[0m
[100%] Built target qt_pointcloud_viewer
-- Install configuration: ""
-- Installing: /home/myungw00/ROS2/Qt_ws/src/qt_pointcloud_viewer/install/qt_pointcloud_viewer/lib/qt_pointcloud_viewer/qt_pointcloud_viewer
-- Set non-toolchain portion of runtime path of "/home/myungw00/ROS2/Qt_ws/src/qt_pointcloud_viewer/install/qt_pointcloud_viewer/lib/qt_pointcloud_viewer/qt_pointcloud_viewer" to ""
-- Up-to-date: /home/myungw00/ROS2/Qt_ws/src/qt_pointcloud_viewer/install/qt_pointcloud_viewer/share/ament_index/resource_index/package_run_dependencies/qt_pointcloud_viewer
-- Up-to-date: /home/myungw00/ROS2/Qt_ws/src/qt_pointcloud_viewer/install/qt_pointcloud_viewer/share/ament_index/resource_index/parent_prefix_path/qt_pointcloud_viewer
-- Up-to-date: /home/myungw00/ROS2/Qt_ws/src/qt_pointcloud_viewer/install/qt_pointcloud_viewer/share/qt_pointcloud_viewer/environment/ament_prefix_path.sh
-- Up-to-date: /home/myungw00/ROS2/Qt_ws/src/qt_pointcloud_viewer/install/qt_pointcloud_viewer/share/qt_pointcloud_viewer/environment/ament_prefix_path.dsv
-- Up-to-date: /home/myungw00/ROS2/Qt_ws/src/qt_pointcloud_viewer/install/qt_pointcloud_viewer/share/qt_pointcloud_viewer/environment/path.sh
-- Up-to-date: /home/myungw00/ROS2/Qt_ws/src/qt_pointcloud_viewer/install/qt_pointcloud_viewer/share/qt_pointcloud_viewer/environment/path.dsv
-- Up-to-date: /home/myungw00/ROS2/Qt_ws/src/qt_pointcloud_viewer/install/qt_pointcloud_viewer/share/qt_pointcloud_viewer/local_setup.bash
-- Up-to-date: /home/myungw00/ROS2/Qt_ws/src/qt_pointcloud_viewer/install/qt_pointcloud_viewer/share/qt_pointcloud_viewer/local_setup.sh
-- Up-to-date: /home/myungw00/ROS2/Qt_ws/src/qt_pointcloud_viewer/install/qt_pointcloud_viewer/share/qt_pointcloud_viewer/local_setup.zsh
-- Up-to-date: /home/myungw00/ROS2/Qt_ws/src/qt_pointcloud_viewer/install/qt_pointcloud_viewer/share/qt_pointcloud_viewer/local_setup.dsv
-- Installing: /home/myungw00/ROS2/Qt_ws/src/qt_pointcloud_viewer/install/qt_pointcloud_viewer/share/qt_pointcloud_viewer/package.dsv
-- Up-to-date: /home/myungw00/ROS2/Qt_ws/src/qt_pointcloud_viewer/install/qt_pointcloud_viewer/share/ament_index/resource_index/packages/qt_pointcloud_viewer
-- Up-to-date: /home/myungw00/ROS2/Qt_ws/src/qt_pointcloud_viewer/install/qt_pointcloud_viewer/share/qt_pointcloud_viewer/cmake/qt_pointcloud_viewerConfig.cmake
-- Up-to-date: /home/myungw00/ROS2/Qt_ws/src/qt_pointcloud_viewer/install/qt_pointcloud_viewer/share/qt_pointcloud_viewer/cmake/qt_pointcloud_viewerConfig-version.cmake
-- Up-to-date: /home/myungw00/ROS2/Qt_ws/src/qt_pointcloud_viewer/install/qt_pointcloud_viewer/share/qt_pointcloud_viewer/package.xml
