[0.012s] Invoking command in '/home/myungw00/ROS2/Qt_ws/src/qt_pointcloud_viewer/build/qt_pointcloud_viewer': CMAKE_PREFIX_PATH=${CMAKE_PREFIX_PATH}:/home/myungw00/ROS2/ros2_ws/install/python_parameters:/home/myungw00/ROS2/ros2_ws/install/py_pubsub:/home/myungw00/ROS2/ros2_ws/install/examples_rclpy_pointcloud_publisher:/home/myungw00/ROS2/ros2_ws/install/examples_rclpy_minimal_subscriber:/home/myungw00/ROS2/ros2_ws/install/examples_rclpy_minimal_service:/home/myungw00/ROS2/ros2_ws/install/examples_rclpy_minimal_publisher:/home/myungw00/ROS2/ros2_ws/install/examples_rclpy_minimal_client:/home/myungw00/ROS2/ros2_ws/install/examples_rclpy_minimal_action_server:/home/myungw00/ROS2/ros2_ws/install/examples_rclpy_minimal_action_client:/home/myungw00/ROS2/ros2_ws/install/examples_rclpy_guard_conditions:/home/myungw00/ROS2/ros2_ws/install/examples_rclpy_executors:/opt/ros/galactic /home/myungw00/.local/bin/cmake --build /home/myungw00/ROS2/Qt_ws/src/qt_pointcloud_viewer/build/qt_pointcloud_viewer -- -j16 -l16
[0.123s] [  5%] [34m[1mAutomatic MOC and UIC for target qt_pointcloud_viewer[0m
[0.131s] [  5%] Built target qt_pointcloud_viewer_autogen
[0.146s] [ 11%] [34m[1mGenerating include/qt_pointcloud_viewer/moc_mainwindow.cpp[0m
[0.287s] [ 17%] [32mBuilding CXX object CMakeFiles/qt_pointcloud_viewer.dir/src/main.cpp.o[0m
[0.288s] [ 23%] [32mBuilding CXX object CMakeFiles/qt_pointcloud_viewer.dir/src/mainwindow.cpp.o[0m
[0.290s] [ 29%] [32mBuilding CXX object CMakeFiles/qt_pointcloud_viewer.dir/include/qt_pointcloud_viewer/moc_mainwindow.cpp.o[0m
[4.277s] In file included from [01m[K/home/myungw00/ROS2/Qt_ws/src/qt_pointcloud_viewer/src/main.cpp:3[m[K:
[4.277s] [01m[K/home/myungw00/ROS2/Qt_ws/src/qt_pointcloud_viewer/include/qt_pointcloud_viewer/mainwindow.hpp:37:26:[m[K [01;31m[Kerror: [m[Kredeclaration of ‘[01m[KWidget::FloatWidget* MainWindow::floatWidget_[m[K’
[4.277s]    37 |     Widget::FloatWidget* [01;31m[KfloatWidget_[m[K; // Custom floating widget
[4.277s]       |                          [01;31m[K^~~~~~~~~~~~[m[K
[4.277s] [01m[K/home/myungw00/ROS2/Qt_ws/src/qt_pointcloud_viewer/include/qt_pointcloud_viewer/mainwindow.hpp:33:26:[m[K [01;36m[Knote: [m[Kprevious declaration ‘[01m[KWidget::FloatWidget* MainWindow::floatWidget_[m[K’
[4.277s]    33 |     Widget::FloatWidget *[01;36m[KfloatWidget_[m[K;
[4.278s]       |                          [01;36m[K^~~~~~~~~~~~[m[K
[4.305s] In file included from [01m[K/home/myungw00/ROS2/Qt_ws/src/qt_pointcloud_viewer/src/mainwindow.cpp:1[m[K:
[4.305s] [01m[K/home/myungw00/ROS2/Qt_ws/src/qt_pointcloud_viewer/include/qt_pointcloud_viewer/mainwindow.hpp:37:26:[m[K [01;31m[Kerror: [m[Kredeclaration of ‘[01m[KWidget::FloatWidget* MainWindow::floatWidget_[m[K’
[4.305s]    37 |     Widget::FloatWidget* [01;31m[KfloatWidget_[m[K; // Custom floating widget
[4.305s]       |                          [01;31m[K^~~~~~~~~~~~[m[K
[4.305s] [01m[K/home/myungw00/ROS2/Qt_ws/src/qt_pointcloud_viewer/include/qt_pointcloud_viewer/mainwindow.hpp:33:26:[m[K [01;36m[Knote: [m[Kprevious declaration ‘[01m[KWidget::FloatWidget* MainWindow::floatWidget_[m[K’
[4.305s]    33 |     Widget::FloatWidget *[01;36m[KfloatWidget_[m[K;
[4.305s]       |                          [01;36m[K^~~~~~~~~~~~[m[K
[4.323s] In file included from [01m[K/home/myungw00/ROS2/Qt_ws/src/qt_pointcloud_viewer/build/qt_pointcloud_viewer/include/qt_pointcloud_viewer/moc_mainwindow.cpp:9[m[K:
[4.323s] [01m[K/home/myungw00/ROS2/Qt_ws/src/qt_pointcloud_viewer/build/qt_pointcloud_viewer/include/qt_pointcloud_viewer/../../../../include/qt_pointcloud_viewer/mainwindow.hpp:37:26:[m[K [01;31m[Kerror: [m[Kredeclaration of ‘[01m[KWidget::FloatWidget* MainWindow::floatWidget_[m[K’
[4.323s]    37 |     Widget::FloatWidget* [01;31m[KfloatWidget_[m[K; // Custom floating widget
[4.323s]       |                          [01;31m[K^~~~~~~~~~~~[m[K
[4.323s] [01m[K/home/myungw00/ROS2/Qt_ws/src/qt_pointcloud_viewer/build/qt_pointcloud_viewer/include/qt_pointcloud_viewer/../../../../include/qt_pointcloud_viewer/mainwindow.hpp:33:26:[m[K [01;36m[Knote: [m[Kprevious declaration ‘[01m[KWidget::FloatWidget* MainWindow::floatWidget_[m[K’
[4.323s]    33 |     Widget::FloatWidget *[01;36m[KfloatWidget_[m[K;
[4.323s]       |                          [01;36m[K^~~~~~~~~~~~[m[K
[4.502s] In file included from [01m[K/usr/include/x86_64-linux-gnu/qt5/QtGui/qtguiglobal.h:43[m[K,
[4.502s]                  from [01m[K/usr/include/x86_64-linux-gnu/qt5/QtGui/qvector3d.h:43[m[K,
[4.502s]                  from [01m[K/usr/include/x86_64-linux-gnu/qt5/QtGui/QVector3D:1[m[K,
[4.502s]                  from [01m[K/home/myungw00/ROS2/Qt_ws/src/qt_pointcloud_viewer/include/qt_pointcloud_viewer/mainwindow.hpp:3[m[K,
[4.503s]                  from [01m[K/home/myungw00/ROS2/Qt_ws/src/qt_pointcloud_viewer/src/mainwindow.cpp:1[m[K:
[4.503s] /usr/include/x86_64-linux-gnu/qt5/QtCore/qobject.h: In instantiation of ‘[01m[Kstatic QMetaObject::Connection QObject::connect(const typename QtPrivate::FunctionPointer<Func>::Object*, Func1, const typename QtPrivate::FunctionPointer<Func2>::Object*, Func2, Qt::ConnectionType) [with Func1 = void (Widget::FloatWidget::*)(); Func2 = void (MainWindow::*)(const QString&, int, int); typename QtPrivate::FunctionPointer<Func>::Object = Widget::FloatWidget; typename QtPrivate::FunctionPointer<Func2>::Object = MainWindow][m[K’:
[4.503s] [01m[K/home/myungw00/ROS2/Qt_ws/src/qt_pointcloud_viewer/src/mainwindow.cpp:88:105:[m[K   required from here
[4.503s] [01m[K/usr/include/x86_64-linux-gnu/qt5/QtCore/qobject.h:239:9:[m[K [01;31m[Kerror: [m[Kstatic assertion failed: The slot requires more arguments than the signal provides.
[4.503s]   239 |         [01;31m[KQ_STATIC_ASSERT_X[m[K(int(SignalType::ArgumentCount) >= int(SlotType::ArgumentCount),
[4.503s]       |         [01;31m[K^~~~~~~~~~~~~~~~~[m[K
[4.503s] [01m[K/usr/include/x86_64-linux-gnu/qt5/QtCore/qobject.h:241:9:[m[K [01;31m[Kerror: [m[Kstatic assertion failed: Signal and slot arguments are not compatible.
[4.503s]   241 |         [01;31m[KQ_STATIC_ASSERT_X[m[K((QtPrivate::CheckCompatibleArguments<typename SignalType::Arguments, typename SlotType::Arguments>::value),
[4.503s]       |         [01;31m[K^~~~~~~~~~~~~~~~~[m[K
[4.503s] In file included from [01m[K/usr/include/x86_64-linux-gnu/qt5/QtCore/qobjectdefs.h:50[m[K,
[4.503s]                  from [01m[K/usr/include/x86_64-linux-gnu/qt5/QtCore/qmetatype.h:50[m[K,
[4.503s]                  from [01m[K/usr/include/x86_64-linux-gnu/qt5/QtGui/qvector3d.h:45[m[K,
[4.503s]                  from [01m[K/usr/include/x86_64-linux-gnu/qt5/QtGui/QVector3D:1[m[K,
[4.503s]                  from [01m[K/home/myungw00/ROS2/Qt_ws/src/qt_pointcloud_viewer/include/qt_pointcloud_viewer/mainwindow.hpp:3[m[K,
[4.504s]                  from [01m[K/home/myungw00/ROS2/Qt_ws/src/qt_pointcloud_viewer/src/mainwindow.cpp:1[m[K:
[4.504s] /usr/include/x86_64-linux-gnu/qt5/QtCore/qobjectdefs_impl.h: In instantiation of ‘[01m[Kstruct QtPrivate::List_Left<QtPrivate::List<>, 3>[m[K’:
[4.504s] [01m[K/usr/include/x86_64-linux-gnu/qt5/QtCore/qobject.h:252:28:[m[K   required from ‘[01m[Kstatic QMetaObject::Connection QObject::connect(const typename QtPrivate::FunctionPointer<Func>::Object*, Func1, const typename QtPrivate::FunctionPointer<Func2>::Object*, Func2, Qt::ConnectionType) [with Func1 = void (Widget::FloatWidget::*)(); Func2 = void (MainWindow::*)(const QString&, int, int); typename QtPrivate::FunctionPointer<Func>::Object = Widget::FloatWidget; typename QtPrivate::FunctionPointer<Func2>::Object = MainWindow][m[K’
[4.504s] [01m[K/home/myungw00/ROS2/Qt_ws/src/qt_pointcloud_viewer/src/mainwindow.cpp:88:105:[m[K   required from here
[4.504s] [01m[K/usr/include/x86_64-linux-gnu/qt5/QtCore/qobjectdefs_impl.h:72:118:[m[K [01;31m[Kerror: [m[Kno type named ‘[01m[KCar[m[K’ in ‘[01m[Kstruct QtPrivate::List<>[m[K’
[4.504s]    72 |         typedef typename List_Append<List<typename L::Car>,typename List_Left<typename L::Cdr, N - 1>::Value>::Value [01;31m[KValue[m[K;
[4.504s]       |                                                                                                                      [01;31m[K^~~~~[m[K
[4.811s] make[2]: *** [CMakeFiles/qt_pointcloud_viewer.dir/build.make:113: CMakeFiles/qt_pointcloud_viewer.dir/src/main.cpp.o] Error 1
[4.811s] make[2]: *** Waiting for unfinished jobs....
[4.860s] make[2]: *** [CMakeFiles/qt_pointcloud_viewer.dir/build.make:183: CMakeFiles/qt_pointcloud_viewer.dir/include/qt_pointcloud_viewer/moc_mainwindow.cpp.o] Error 1
[4.953s] make[2]: *** [CMakeFiles/qt_pointcloud_viewer.dir/build.make:127: CMakeFiles/qt_pointcloud_viewer.dir/src/mainwindow.cpp.o] Error 1
[4.954s] make[1]: *** [CMakeFiles/Makefile2:152: CMakeFiles/qt_pointcloud_viewer.dir/all] Error 2
[4.954s] make: *** [Makefile:146: all] Error 2
[4.957s] Invoked command in '/home/myungw00/ROS2/Qt_ws/src/qt_pointcloud_viewer/build/qt_pointcloud_viewer' returned '2': CMAKE_PREFIX_PATH=${CMAKE_PREFIX_PATH}:/home/myungw00/ROS2/ros2_ws/install/python_parameters:/home/myungw00/ROS2/ros2_ws/install/py_pubsub:/home/myungw00/ROS2/ros2_ws/install/examples_rclpy_pointcloud_publisher:/home/myungw00/ROS2/ros2_ws/install/examples_rclpy_minimal_subscriber:/home/myungw00/ROS2/ros2_ws/install/examples_rclpy_minimal_service:/home/myungw00/ROS2/ros2_ws/install/examples_rclpy_minimal_publisher:/home/myungw00/ROS2/ros2_ws/install/examples_rclpy_minimal_client:/home/myungw00/ROS2/ros2_ws/install/examples_rclpy_minimal_action_server:/home/myungw00/ROS2/ros2_ws/install/examples_rclpy_minimal_action_client:/home/myungw00/ROS2/ros2_ws/install/examples_rclpy_guard_conditions:/home/myungw00/ROS2/ros2_ws/install/examples_rclpy_executors:/opt/ros/galactic /home/myungw00/.local/bin/cmake --build /home/myungw00/ROS2/Qt_ws/src/qt_pointcloud_viewer/build/qt_pointcloud_viewer -- -j16 -l16
