[0.013s] Invoking command in '/home/myungw00/ROS2/Qt_ws/src/qt_pointcloud_viewer/build/qt_pointcloud_viewer': CMAKE_PREFIX_PATH=${CMAKE_PREFIX_PATH}:/home/myungw00/ROS2/ros2_ws/install/python_parameters:/home/myungw00/ROS2/ros2_ws/install/py_pubsub:/home/myungw00/ROS2/ros2_ws/install/examples_rclpy_pointcloud_publisher:/home/myungw00/ROS2/ros2_ws/install/examples_rclpy_minimal_subscriber:/home/myungw00/ROS2/ros2_ws/install/examples_rclpy_minimal_service:/home/myungw00/ROS2/ros2_ws/install/examples_rclpy_minimal_publisher:/home/myungw00/ROS2/ros2_ws/install/examples_rclpy_minimal_client:/home/myungw00/ROS2/ros2_ws/install/examples_rclpy_minimal_action_server:/home/myungw00/ROS2/ros2_ws/install/examples_rclpy_minimal_action_client:/home/myungw00/ROS2/ros2_ws/install/examples_rclpy_guard_conditions:/home/myungw00/ROS2/ros2_ws/install/examples_rclpy_executors:/opt/ros/galactic /home/myungw00/.local/bin/cmake --build /home/myungw00/ROS2/Qt_ws/src/qt_pointcloud_viewer/build/qt_pointcloud_viewer -- -j16 -l16
[0.113s] [  5%] [34m[1mAutomatic MOC and UIC for target qt_pointcloud_viewer[0m
[0.121s] [  5%] Built target qt_pointcloud_viewer_autogen
[0.227s] [ 11%] [32mBuilding CXX object CMakeFiles/qt_pointcloud_viewer.dir/src/float_widget.cpp.o[0m
[1.113s] [ 17%] [32m[1mLinking CXX executable qt_pointcloud_viewer[0m
[4.492s] [100%] Built target qt_pointcloud_viewer
[4.528s] Invoked command in '/home/myungw00/ROS2/Qt_ws/src/qt_pointcloud_viewer/build/qt_pointcloud_viewer' returned '0': CMAKE_PREFIX_PATH=${CMAKE_PREFIX_PATH}:/home/myungw00/ROS2/ros2_ws/install/python_parameters:/home/myungw00/ROS2/ros2_ws/install/py_pubsub:/home/myungw00/ROS2/ros2_ws/install/examples_rclpy_pointcloud_publisher:/home/myungw00/ROS2/ros2_ws/install/examples_rclpy_minimal_subscriber:/home/myungw00/ROS2/ros2_ws/install/examples_rclpy_minimal_service:/home/myungw00/ROS2/ros2_ws/install/examples_rclpy_minimal_publisher:/home/myungw00/ROS2/ros2_ws/install/examples_rclpy_minimal_client:/home/myungw00/ROS2/ros2_ws/install/examples_rclpy_minimal_action_server:/home/myungw00/ROS2/ros2_ws/install/examples_rclpy_minimal_action_client:/home/myungw00/ROS2/ros2_ws/install/examples_rclpy_guard_conditions:/home/myungw00/ROS2/ros2_ws/install/examples_rclpy_executors:/opt/ros/galactic /home/myungw00/.local/bin/cmake --build /home/myungw00/ROS2/Qt_ws/src/qt_pointcloud_viewer/build/qt_pointcloud_viewer -- -j16 -l16
[4.603s] Invoking command in '/home/myungw00/ROS2/Qt_ws/src/qt_pointcloud_viewer/build/qt_pointcloud_viewer': CMAKE_PREFIX_PATH=${CMAKE_PREFIX_PATH}:/home/myungw00/ROS2/ros2_ws/install/python_parameters:/home/myungw00/ROS2/ros2_ws/install/py_pubsub:/home/myungw00/ROS2/ros2_ws/install/examples_rclpy_pointcloud_publisher:/home/myungw00/ROS2/ros2_ws/install/examples_rclpy_minimal_subscriber:/home/myungw00/ROS2/ros2_ws/install/examples_rclpy_minimal_service:/home/myungw00/ROS2/ros2_ws/install/examples_rclpy_minimal_publisher:/home/myungw00/ROS2/ros2_ws/install/examples_rclpy_minimal_client:/home/myungw00/ROS2/ros2_ws/install/examples_rclpy_minimal_action_server:/home/myungw00/ROS2/ros2_ws/install/examples_rclpy_minimal_action_client:/home/myungw00/ROS2/ros2_ws/install/examples_rclpy_guard_conditions:/home/myungw00/ROS2/ros2_ws/install/examples_rclpy_executors:/opt/ros/galactic /home/myungw00/.local/bin/cmake --install /home/myungw00/ROS2/Qt_ws/src/qt_pointcloud_viewer/build/qt_pointcloud_viewer
[4.675s] -- Install configuration: ""
[4.675s] -- Installing: /home/myungw00/ROS2/Qt_ws/src/qt_pointcloud_viewer/install/qt_pointcloud_viewer/lib/qt_pointcloud_viewer/qt_pointcloud_viewer
[4.678s] -- Set non-toolchain portion of runtime path of "/home/myungw00/ROS2/Qt_ws/src/qt_pointcloud_viewer/install/qt_pointcloud_viewer/lib/qt_pointcloud_viewer/qt_pointcloud_viewer" to ""
[4.679s] -- Installing: /home/myungw00/ROS2/Qt_ws/src/qt_pointcloud_viewer/install/qt_pointcloud_viewer/share/ament_index/resource_index/package_run_dependencies/qt_pointcloud_viewer
[4.679s] -- Installing: /home/myungw00/ROS2/Qt_ws/src/qt_pointcloud_viewer/install/qt_pointcloud_viewer/share/ament_index/resource_index/parent_prefix_path/qt_pointcloud_viewer
[4.679s] -- Installing: /home/myungw00/ROS2/Qt_ws/src/qt_pointcloud_viewer/install/qt_pointcloud_viewer/share/qt_pointcloud_viewer/environment/ament_prefix_path.sh
[4.679s] -- Installing: /home/myungw00/ROS2/Qt_ws/src/qt_pointcloud_viewer/install/qt_pointcloud_viewer/share/qt_pointcloud_viewer/environment/ament_prefix_path.dsv
[4.679s] -- Installing: /home/myungw00/ROS2/Qt_ws/src/qt_pointcloud_viewer/install/qt_pointcloud_viewer/share/qt_pointcloud_viewer/environment/path.sh
[4.679s] -- Installing: /home/myungw00/ROS2/Qt_ws/src/qt_pointcloud_viewer/install/qt_pointcloud_viewer/share/qt_pointcloud_viewer/environment/path.dsv
[4.680s] -- Installing: /home/myungw00/ROS2/Qt_ws/src/qt_pointcloud_viewer/install/qt_pointcloud_viewer/share/qt_pointcloud_viewer/local_setup.bash
[4.680s] -- Installing: /home/myungw00/ROS2/Qt_ws/src/qt_pointcloud_viewer/install/qt_pointcloud_viewer/share/qt_pointcloud_viewer/local_setup.sh
[4.680s] -- Installing: /home/myungw00/ROS2/Qt_ws/src/qt_pointcloud_viewer/install/qt_pointcloud_viewer/share/qt_pointcloud_viewer/local_setup.zsh
[4.680s] -- Installing: /home/myungw00/ROS2/Qt_ws/src/qt_pointcloud_viewer/install/qt_pointcloud_viewer/share/qt_pointcloud_viewer/local_setup.dsv
[4.680s] -- Installing: /home/myungw00/ROS2/Qt_ws/src/qt_pointcloud_viewer/install/qt_pointcloud_viewer/share/qt_pointcloud_viewer/package.dsv
[4.680s] -- Installing: /home/myungw00/ROS2/Qt_ws/src/qt_pointcloud_viewer/install/qt_pointcloud_viewer/share/ament_index/resource_index/packages/qt_pointcloud_viewer
[4.680s] -- Installing: /home/myungw00/ROS2/Qt_ws/src/qt_pointcloud_viewer/install/qt_pointcloud_viewer/share/qt_pointcloud_viewer/cmake/qt_pointcloud_viewerConfig.cmake
[4.681s] -- Installing: /home/myungw00/ROS2/Qt_ws/src/qt_pointcloud_viewer/install/qt_pointcloud_viewer/share/qt_pointcloud_viewer/cmake/qt_pointcloud_viewerConfig-version.cmake
[4.681s] -- Installing: /home/myungw00/ROS2/Qt_ws/src/qt_pointcloud_viewer/install/qt_pointcloud_viewer/share/qt_pointcloud_viewer/package.xml
[4.683s] Invoked command in '/home/myungw00/ROS2/Qt_ws/src/qt_pointcloud_viewer/build/qt_pointcloud_viewer' returned '0': CMAKE_PREFIX_PATH=${CMAKE_PREFIX_PATH}:/home/myungw00/ROS2/ros2_ws/install/python_parameters:/home/myungw00/ROS2/ros2_ws/install/py_pubsub:/home/myungw00/ROS2/ros2_ws/install/examples_rclpy_pointcloud_publisher:/home/myungw00/ROS2/ros2_ws/install/examples_rclpy_minimal_subscriber:/home/myungw00/ROS2/ros2_ws/install/examples_rclpy_minimal_service:/home/myungw00/ROS2/ros2_ws/install/examples_rclpy_minimal_publisher:/home/myungw00/ROS2/ros2_ws/install/examples_rclpy_minimal_client:/home/myungw00/ROS2/ros2_ws/install/examples_rclpy_minimal_action_server:/home/myungw00/ROS2/ros2_ws/install/examples_rclpy_minimal_action_client:/home/myungw00/ROS2/ros2_ws/install/examples_rclpy_guard_conditions:/home/myungw00/ROS2/ros2_ws/install/examples_rclpy_executors:/opt/ros/galactic /home/myungw00/.local/bin/cmake --install /home/myungw00/ROS2/Qt_ws/src/qt_pointcloud_viewer/build/qt_pointcloud_viewer
