[0.016s] Invoking command in '/home/myungw00/ROS2/Qt_ws/src/qt_pointcloud_viewer/build/qt_pointcloud_viewer': CMAKE_PREFIX_PATH=${CMAKE_PREFIX_PATH}:/home/myungw00/ROS2/ros2_ws/install/python_parameters:/home/myungw00/ROS2/ros2_ws/install/py_pubsub:/home/myungw00/ROS2/ros2_ws/install/examples_rclpy_pointcloud_publisher:/home/myungw00/ROS2/ros2_ws/install/examples_rclpy_minimal_subscriber:/home/myungw00/ROS2/ros2_ws/install/examples_rclpy_minimal_service:/home/myungw00/ROS2/ros2_ws/install/examples_rclpy_minimal_publisher:/home/myungw00/ROS2/ros2_ws/install/examples_rclpy_minimal_client:/home/myungw00/ROS2/ros2_ws/install/examples_rclpy_minimal_action_server:/home/myungw00/ROS2/ros2_ws/install/examples_rclpy_minimal_action_client:/home/myungw00/ROS2/ros2_ws/install/examples_rclpy_guard_conditions:/home/myungw00/ROS2/ros2_ws/install/examples_rclpy_executors:/opt/ros/galactic /home/myungw00/.local/bin/cmake /home/myungw00/ROS2/Qt_ws/src/qt_pointcloud_viewer -DCMAKE_INSTALL_PREFIX=/home/myungw00/ROS2/Qt_ws/src/qt_pointcloud_viewer/install/qt_pointcloud_viewer
[0.168s] -- The C compiler identification is GNU 9.4.0
[0.223s] -- The CXX compiler identification is GNU 9.4.0
[0.232s] -- Detecting C compiler ABI info
[0.299s] -- Detecting C compiler ABI info - done
[0.313s] -- Check for working C compiler: /usr/bin/cc - skipped
[0.314s] -- Detecting C compile features
[0.314s] -- Detecting C compile features - done
[0.326s] -- Detecting CXX compiler ABI info
[0.399s] -- Detecting CXX compiler ABI info - done
[0.414s] -- Check for working CXX compiler: /usr/bin/c++ - skipped
[0.414s] -- Detecting CXX compile features
[0.415s] -- Detecting CXX compile features - done
[0.426s] -- Found ament_cmake: 1.1.6 (/opt/ros/galactic/share/ament_cmake/cmake)
[0.436s] [33mCMake Warning (dev) at /opt/ros/galactic/share/ament_cmake_core/cmake/core/python.cmake:22 (find_package):
[0.436s]   Policy CMP0148 is not set: The FindPythonInterp and FindPythonLibs modules
[0.436s]   are removed.  Run "cmake --help-policy CMP0148" for policy details.  Use
[0.436s]   the cmake_policy command to set the policy and suppress this warning.
[0.436s] 
[0.436s] Call Stack (most recent call first):
[0.436s]   /opt/ros/galactic/share/ament_cmake_core/cmake/core/all.cmake:53 (include)
[0.436s]   /opt/ros/galactic/share/ament_cmake_core/cmake/ament_cmake_core-extras.cmake:17 (include)
[0.436s]   /opt/ros/galactic/share/ament_cmake_core/cmake/ament_cmake_coreConfig.cmake:41 (include)
[0.436s]   /opt/ros/galactic/share/ament_cmake/cmake/ament_cmake_export_dependencies-extras.cmake:15 (find_package)
[0.436s]   /opt/ros/galactic/share/ament_cmake/cmake/ament_cmakeConfig.cmake:41 (include)
[0.436s]   CMakeLists.txt:11 (find_package)
[0.436s] This warning is for project developers.  Use -Wno-dev to suppress it.
[0.436s] [0m
[0.471s] -- Found PythonInterp: /usr/bin/python3 (found suitable version "3.8.10", minimum required is "3")
[0.471s] -- Using PYTHON_EXECUTABLE: /usr/bin/python3
[0.600s] -- Found rclcpp: 9.2.2 (/opt/ros/galactic/share/rclcpp/cmake)
[0.676s] -- Using all available rosidl_typesupport_c: rosidl_typesupport_fastrtps_c;rosidl_typesupport_introspection_c
[0.689s] -- Found rosidl_adapter: 2.2.3 (/opt/ros/galactic/share/rosidl_adapter/cmake)
[0.814s] -- Found OpenSSL: /usr/lib/x86_64-linux-gnu/libcrypto.so (found version "1.1.1f")
[0.859s] -- Found FastRTPS: /opt/ros/galactic/include
[0.961s] -- Using all available rosidl_typesupport_cpp: rosidl_typesupport_fastrtps_cpp;rosidl_typesupport_introspection_cpp
[1.031s] -- Found rmw_implementation_cmake: 3.3.1 (/opt/ros/galactic/share/rmw_implementation_cmake/cmake)
[1.036s] -- Found rmw_cyclonedds_cpp: 0.22.6 (/opt/ros/galactic/share/rmw_cyclonedds_cpp/cmake)
[1.053s] -- Using RMW implementation 'rmw_cyclonedds_cpp' as default
[1.054s] -- Performing Test CMAKE_HAVE_LIBC_PTHREAD
[1.121s] -- Performing Test CMAKE_HAVE_LIBC_PTHREAD - Failed
[1.121s] -- Looking for pthread_create in pthreads
[1.175s] -- Looking for pthread_create in pthreads - not found
[1.176s] -- Looking for pthread_create in pthread
[1.241s] -- Looking for pthread_create in pthread - found
[1.242s] -- Found Threads: TRUE
[1.381s] -- Found sensor_msgs: 2.2.4 (/opt/ros/galactic/share/sensor_msgs/cmake)
[1.463s] [0mCMake Deprecation Warning at /usr/lib/x86_64-linux-gnu/cmake/pcl/PCLConfig.cmake:40 (cmake_policy):
[1.463s]   Compatibility with CMake < 3.10 will be removed from a future version of
[1.463s]   CMake.
[1.463s] 
[1.463s]   Update the VERSION argument <min> value.  Or, use the <min>...<max> syntax
[1.463s]   to tell CMake that the project requires at least <min> but has been updated
[1.463s]   to work with policies introduced by <max> or earlier.
[1.463s] Call Stack (most recent call first):
[1.463s]   CMakeLists.txt:14 (find_package)
[1.463s] 
[1.463s] [0m
[1.468s] [33mCMake Warning (dev) at /usr/lib/x86_64-linux-gnu/cmake/pcl/PCLConfig.cmake:152 (find_package):
[1.469s]   Policy CMP0144 is not set: find_package uses upper-case <PACKAGENAME>_ROOT
[1.469s]   variables.  Run "cmake --help-policy CMP0144" for policy details.  Use the
[1.469s]   cmake_policy command to set the policy and suppress this warning.
[1.469s] 
[1.469s]   CMake variable EIGEN_ROOT is set to:
[1.470s] 
[1.470s]     /usr/include/eigen3
[1.470s] 
[1.470s]   For compatibility, find_package is ignoring the variable, but code in a
[1.471s]   .cmake module might still use it.
[1.471s] Call Stack (most recent call first):
[1.471s]   /usr/lib/x86_64-linux-gnu/cmake/pcl/PCLConfig.cmake:316 (find_eigen)
[1.471s]   /usr/lib/x86_64-linux-gnu/cmake/pcl/PCLConfig.cmake:551 (find_external_library)
[1.471s]   CMakeLists.txt:14 (find_package)
[1.472s] This warning is for project developers.  Use -Wno-dev to suppress it.
[1.472s] [0m
[1.476s] -- Checking for module 'eigen3'
[1.498s] --   Found eigen3, version 3.3.7
[1.557s] -- Found Eigen: /usr/include/eigen3 (Required is at least version "3.1")
[1.557s] -- Eigen found (include: /usr/include/eigen3, version: 3.3.4)
[1.557s] [33mCMake Warning (dev) at /usr/lib/x86_64-linux-gnu/cmake/pcl/PCLConfig.cmake:134 (find_package):
[1.557s]   Policy CMP0167 is not set: The FindBoost module is removed.  Run "cmake
[1.557s]   --help-policy CMP0167" for policy details.  Use the cmake_policy command to
[1.557s]   set the policy and suppress this warning.
[1.557s] 
[1.557s] Call Stack (most recent call first):
[1.557s]   /usr/lib/x86_64-linux-gnu/cmake/pcl/PCLConfig.cmake:314 (find_boost)
[1.557s]   /usr/lib/x86_64-linux-gnu/cmake/pcl/PCLConfig.cmake:551 (find_external_library)
[1.557s]   CMakeLists.txt:14 (find_package)
[1.557s] This warning is for project developers.  Use -Wno-dev to suppress it.
[1.557s] [0m
[1.685s] -- Found Boost: /usr/include (found suitable version "1.71.0", minimum required is "1.55.0") found components: system filesystem date_time iostreams regex
[1.686s] [33mCMake Warning (dev) at /usr/lib/x86_64-linux-gnu/cmake/pcl/Modules/FindFLANN.cmake:44 (find_package):
[1.686s]   Policy CMP0144 is not set: find_package uses upper-case <PACKAGENAME>_ROOT
[1.686s]   variables.  Run "cmake --help-policy CMP0144" for policy details.  Use the
[1.686s]   cmake_policy command to set the policy and suppress this warning.
[1.686s] 
[1.686s]   CMake variable FLANN_ROOT is set to:
[1.686s] 
[1.686s]     /usr
[1.686s] 
[1.686s]   For compatibility, find_package is ignoring the variable, but code in a
[1.686s]   .cmake module might still use it.
[1.686s] Call Stack (most recent call first):
[1.687s]   /usr/lib/x86_64-linux-gnu/cmake/pcl/PCLConfig.cmake:263 (find_package)
[1.687s]   /usr/lib/x86_64-linux-gnu/cmake/pcl/PCLConfig.cmake:318 (find_flann)
[1.687s]   /usr/lib/x86_64-linux-gnu/cmake/pcl/PCLConfig.cmake:551 (find_external_library)
[1.687s]   CMakeLists.txt:14 (find_package)
[1.687s] This warning is for project developers.  Use -Wno-dev to suppress it.
[1.687s] [0m
[1.707s] -- Checking for module 'flann'
[1.733s] --   Found flann, version 1.9.1
[1.805s] -- Found FLANN: /usr/lib/x86_64-linux-gnu/libflann_cpp.so
[1.838s] -- The imported target "vtkParseOGLExt" references the file
[1.839s]    "/usr/bin/vtkParseOGLExt-7.1"
[1.839s] but this file does not exist.  Possible reasons include:
[1.839s] * The file was deleted, renamed, or moved to another location.
[1.839s] * An install or uninstall procedure did not complete successfully.
[1.839s] * The installation package was faulty and contained
[1.839s]    "/usr/lib/cmake/vtk-7.1/VTKTargets.cmake"
[1.839s] but not all the files it references.
[1.839s] 
[1.839s] -- The imported target "vtkRenderingPythonTkWidgets" references the file
[1.839s]    "/usr/lib/x86_64-linux-gnu/libvtkRenderingPythonTkWidgets.so"
[1.839s] but this file does not exist.  Possible reasons include:
[1.840s] * The file was deleted, renamed, or moved to another location.
[1.840s] * An install or uninstall procedure did not complete successfully.
[1.840s] * The installation package was faulty and contained
[1.840s]    "/usr/lib/cmake/vtk-7.1/VTKTargets.cmake"
[1.840s] but not all the files it references.
[1.840s] 
[1.840s] -- The imported target "vtk" references the file
[1.840s]    "/usr/bin/vtk"
[1.840s] but this file does not exist.  Possible reasons include:
[1.840s] * The file was deleted, renamed, or moved to another location.
[1.840s] * An install or uninstall procedure did not complete successfully.
[1.840s] * The installation package was faulty and contained
[1.840s]    "/usr/lib/cmake/vtk-7.1/VTKTargets.cmake"
[1.840s] but not all the files it references.
[1.840s] 
[1.840s] -- The imported target "pvtk" references the file
[1.841s]    "/usr/bin/pvtk"
[1.841s] but this file does not exist.  Possible reasons include:
[1.841s] * The file was deleted, renamed, or moved to another location.
[1.841s] * An install or uninstall procedure did not complete successfully.
[1.841s] * The installation package was faulty and contained
[1.841s]    "/usr/lib/cmake/vtk-7.1/VTKTargets.cmake"
[1.841s] but not all the files it references.
[1.841s] 
[1.857s] -- Checking for module 'libusb-1.0'
[1.884s] --   Found libusb-1.0, version 1.0.23
[1.954s] [33mCMake Warning (dev) at /home/myungw00/.local/lib/python3.8/site-packages/cmake/data/share/cmake-3.31/Modules/FindPackageHandleStandardArgs.cmake:441 (message):
[1.954s]   The package name passed to `find_package_handle_standard_args` (USB_10)
[1.954s]   does not match the name of the calling package (OpenNI).  This can lead to
[1.954s]   problems in calling code that expects `find_package` result variables
[1.954s]   (e.g., `_FOUND`) to follow a certain pattern.
[1.954s] Call Stack (most recent call first):
[1.955s]   /usr/lib/x86_64-linux-gnu/cmake/pcl/Modules/FindOpenNI.cmake:28 (find_package_handle_standard_args)
[1.955s]   /usr/lib/x86_64-linux-gnu/cmake/pcl/PCLConfig.cmake:179 (find_package)
[1.955s]   /usr/lib/x86_64-linux-gnu/cmake/pcl/PCLConfig.cmake:322 (find_openni)
[1.955s]   /usr/lib/x86_64-linux-gnu/cmake/pcl/PCLConfig.cmake:548 (find_external_library)
[1.955s]   CMakeLists.txt:14 (find_package)
[1.955s] This warning is for project developers.  Use -Wno-dev to suppress it.
[1.955s] [0m
[1.956s] -- Found USB_10: /usr/lib/x86_64-linux-gnu/libusb-1.0.so
[2.055s] -- Found OpenNI: /usr/lib/libOpenNI.so
[2.055s] -- OpenNI found (include: /usr/include/ni, lib: /usr/lib/libOpenNI.so)
[2.062s] [33mCMake Warning (dev) at /home/myungw00/.local/lib/python3.8/site-packages/cmake/data/share/cmake-3.31/Modules/FindPackageHandleStandardArgs.cmake:441 (message):
[2.062s]   The package name passed to `find_package_handle_standard_args` (USB_10)
[2.062s]   does not match the name of the calling package (OpenNI2).  This can lead to
[2.062s]   problems in calling code that expects `find_package` result variables
[2.062s]   (e.g., `_FOUND`) to follow a certain pattern.
[2.062s] Call Stack (most recent call first):
[2.063s]   /usr/lib/x86_64-linux-gnu/cmake/pcl/Modules/FindOpenNI2.cmake:28 (find_package_handle_standard_args)
[2.063s]   /usr/lib/x86_64-linux-gnu/cmake/pcl/PCLConfig.cmake:193 (find_package)
[2.063s]   /usr/lib/x86_64-linux-gnu/cmake/pcl/PCLConfig.cmake:324 (find_openni2)
[2.063s]   /usr/lib/x86_64-linux-gnu/cmake/pcl/PCLConfig.cmake:548 (find_external_library)
[2.063s]   CMakeLists.txt:14 (find_package)
[2.063s] This warning is for project developers.  Use -Wno-dev to suppress it.
[2.063s] [0m
[2.156s] -- Found OpenNI2: /usr/lib/libOpenNI2.so
[2.156s] -- OpenNI2 found (include: /usr/include/openni2, lib: /usr/lib/libOpenNI2.so)
[2.156s] [0m** WARNING ** io features related to pcap will be disabled[0m
[2.156s] [0m** WARNING ** io features related to png will be disabled[0m
[2.168s] [33mCMake Warning (dev) at /home/myungw00/.local/lib/python3.8/site-packages/cmake/data/share/cmake-3.31/Modules/FindPackageHandleStandardArgs.cmake:441 (message):
[2.168s]   The package name passed to `find_package_handle_standard_args` (libusb-1.0)
[2.168s]   does not match the name of the calling package (PCL).  This can lead to
[2.168s]   problems in calling code that expects `find_package` result variables
[2.168s]   (e.g., `_FOUND`) to follow a certain pattern.
[2.168s] Call Stack (most recent call first):
[2.168s]   /usr/lib/x86_64-linux-gnu/cmake/pcl/PCLConfig.cmake:291 (find_package_handle_standard_args)
[2.168s]   /usr/lib/x86_64-linux-gnu/cmake/pcl/PCLConfig.cmake:338 (find_libusb)
[2.168s]   /usr/lib/x86_64-linux-gnu/cmake/pcl/PCLConfig.cmake:548 (find_external_library)
[2.168s]   CMakeLists.txt:14 (find_package)
[2.168s] This warning is for project developers.  Use -Wno-dev to suppress it.
[2.168s] [0m
[2.168s] -- Found libusb-1.0: /usr/include
[2.168s] [0m** WARNING ** io features related to libusb-1.0 will be disabled[0m
[2.174s] [33mCMake Warning (dev) at /home/myungw00/.local/lib/python3.8/site-packages/cmake/data/share/cmake-3.31/Modules/FindPackageHandleStandardArgs.cmake:441 (message):
[2.174s]   The package name passed to `find_package_handle_standard_args` (USB_10)
[2.174s]   does not match the name of the calling package (OpenNI).  This can lead to
[2.174s]   problems in calling code that expects `find_package` result variables
[2.174s]   (e.g., `_FOUND`) to follow a certain pattern.
[2.174s] Call Stack (most recent call first):
[2.174s]   /usr/lib/x86_64-linux-gnu/cmake/pcl/Modules/FindOpenNI.cmake:28 (find_package_handle_standard_args)
[2.175s]   /usr/lib/x86_64-linux-gnu/cmake/pcl/PCLConfig.cmake:179 (find_package)
[2.175s]   /usr/lib/x86_64-linux-gnu/cmake/pcl/PCLConfig.cmake:322 (find_openni)
[2.175s]   /usr/lib/x86_64-linux-gnu/cmake/pcl/PCLConfig.cmake:548 (find_external_library)
[2.175s]   CMakeLists.txt:14 (find_package)
[2.175s] This warning is for project developers.  Use -Wno-dev to suppress it.
[2.175s] [0m
[2.175s] -- OpenNI found (include: /usr/include/ni, lib: /usr/lib/libOpenNI.so)
[2.182s] [33mCMake Warning (dev) at /home/myungw00/.local/lib/python3.8/site-packages/cmake/data/share/cmake-3.31/Modules/FindPackageHandleStandardArgs.cmake:441 (message):
[2.182s]   The package name passed to `find_package_handle_standard_args` (USB_10)
[2.182s]   does not match the name of the calling package (OpenNI2).  This can lead to
[2.182s]   problems in calling code that expects `find_package` result variables
[2.182s]   (e.g., `_FOUND`) to follow a certain pattern.
[2.182s] Call Stack (most recent call first):
[2.182s]   /usr/lib/x86_64-linux-gnu/cmake/pcl/Modules/FindOpenNI2.cmake:28 (find_package_handle_standard_args)
[2.182s]   /usr/lib/x86_64-linux-gnu/cmake/pcl/PCLConfig.cmake:193 (find_package)
[2.182s]   /usr/lib/x86_64-linux-gnu/cmake/pcl/PCLConfig.cmake:324 (find_openni2)
[2.182s]   /usr/lib/x86_64-linux-gnu/cmake/pcl/PCLConfig.cmake:548 (find_external_library)
[2.182s]   CMakeLists.txt:14 (find_package)
[2.182s] This warning is for project developers.  Use -Wno-dev to suppress it.
[2.182s] [0m
[2.183s] -- OpenNI2 found (include: /usr/include/openni2, lib: /usr/lib/libOpenNI2.so)
[2.193s] [33mCMake Warning (dev) at /usr/lib/x86_64-linux-gnu/cmake/pcl/PCLConfig.cmake:165 (find_package):
[2.193s]   Policy CMP0144 is not set: find_package uses upper-case <PACKAGENAME>_ROOT
[2.193s]   variables.  Run "cmake --help-policy CMP0144" for policy details.  Use the
[2.193s]   cmake_policy command to set the policy and suppress this warning.
[2.193s] 
[2.193s]   CMake variable QHULL_ROOT is set to:
[2.193s] 
[2.193s]     /usr
[2.193s] 
[2.193s]   For compatibility, find_package is ignoring the variable, but code in a
[2.193s]   .cmake module might still use it.
[2.193s] Call Stack (most recent call first):
[2.193s]   /usr/lib/x86_64-linux-gnu/cmake/pcl/PCLConfig.cmake:320 (find_qhull)
[2.194s]   /usr/lib/x86_64-linux-gnu/cmake/pcl/PCLConfig.cmake:548 (find_external_library)
[2.194s]   CMakeLists.txt:14 (find_package)
[2.194s] This warning is for project developers.  Use -Wno-dev to suppress it.
[2.194s] [0m
[2.226s] -- Found Qhull: optimized;/usr/lib/x86_64-linux-gnu/libqhull.so;debug;/usr/lib/x86_64-linux-gnu/libqhull.so
[2.226s] -- QHULL found (include: /usr/include, lib: optimized;/usr/lib/x86_64-linux-gnu/libqhull.so;debug;/usr/lib/x86_64-linux-gnu/libqhull.so)
[2.240s] [33mCMake Warning (dev) at /home/myungw00/.local/lib/python3.8/site-packages/cmake/data/share/cmake-3.31/Modules/FindPackageHandleStandardArgs.cmake:441 (message):
[2.240s]   The package name passed to `find_package_handle_standard_args` (USB_10)
[2.240s]   does not match the name of the calling package (OpenNI).  This can lead to
[2.240s]   problems in calling code that expects `find_package` result variables
[2.240s]   (e.g., `_FOUND`) to follow a certain pattern.
[2.240s] Call Stack (most recent call first):
[2.240s]   /usr/lib/x86_64-linux-gnu/cmake/pcl/Modules/FindOpenNI.cmake:28 (find_package_handle_standard_args)
[2.241s]   /usr/lib/x86_64-linux-gnu/cmake/pcl/PCLConfig.cmake:179 (find_package)
[2.241s]   /usr/lib/x86_64-linux-gnu/cmake/pcl/PCLConfig.cmake:322 (find_openni)
[2.241s]   /usr/lib/x86_64-linux-gnu/cmake/pcl/PCLConfig.cmake:548 (find_external_library)
[2.241s]   CMakeLists.txt:14 (find_package)
[2.241s] This warning is for project developers.  Use -Wno-dev to suppress it.
[2.241s] [0m
[2.241s] -- OpenNI found (include: /usr/include/ni, lib: /usr/lib/libOpenNI.so)
[2.251s] -- looking for PCL_COMMON
[2.254s] [33mCMake Warning (dev) at /home/myungw00/.local/lib/python3.8/site-packages/cmake/data/share/cmake-3.31/Modules/FindPackageHandleStandardArgs.cmake:441 (message):
[2.254s]   The package name passed to `find_package_handle_standard_args` (PCL_COMMON)
[2.254s]   does not match the name of the calling package (PCL).  This can lead to
[2.255s]   problems in calling code that expects `find_package` result variables
[2.255s]   (e.g., `_FOUND`) to follow a certain pattern.
[2.255s] Call Stack (most recent call first):
[2.255s]   /usr/lib/x86_64-linux-gnu/cmake/pcl/PCLConfig.cmake:616 (find_package_handle_standard_args)
[2.255s]   CMakeLists.txt:14 (find_package)
[2.255s] This warning is for project developers.  Use -Wno-dev to suppress it.
[2.255s] [0m
[2.255s] -- Found PCL_COMMON: /usr/lib/x86_64-linux-gnu/libpcl_common.so
[2.256s] -- looking for PCL_KDTREE
[2.256s] [33mCMake Warning (dev) at /home/myungw00/.local/lib/python3.8/site-packages/cmake/data/share/cmake-3.31/Modules/FindPackageHandleStandardArgs.cmake:441 (message):
[2.256s]   The package name passed to `find_package_handle_standard_args` (PCL_KDTREE)
[2.256s]   does not match the name of the calling package (PCL).  This can lead to
[2.257s]   problems in calling code that expects `find_package` result variables
[2.257s]   (e.g., `_FOUND`) to follow a certain pattern.
[2.257s] Call Stack (most recent call first):
[2.257s]   /usr/lib/x86_64-linux-gnu/cmake/pcl/PCLConfig.cmake:616 (find_package_handle_standard_args)
[2.257s]   CMakeLists.txt:14 (find_package)
[2.257s] This warning is for project developers.  Use -Wno-dev to suppress it.
[2.257s] [0m
[2.257s] -- Found PCL_KDTREE: /usr/lib/x86_64-linux-gnu/libpcl_kdtree.so
[2.257s] -- looking for PCL_OCTREE
[2.257s] [33mCMake Warning (dev) at /home/myungw00/.local/lib/python3.8/site-packages/cmake/data/share/cmake-3.31/Modules/FindPackageHandleStandardArgs.cmake:441 (message):
[2.258s]   The package name passed to `find_package_handle_standard_args` (PCL_OCTREE)
[2.258s]   does not match the name of the calling package (PCL).  This can lead to
[2.258s]   problems in calling code that expects `find_package` result variables
[2.258s]   (e.g., `_FOUND`) to follow a certain pattern.
[2.258s] Call Stack (most recent call first):
[2.258s]   /usr/lib/x86_64-linux-gnu/cmake/pcl/PCLConfig.cmake:616 (find_package_handle_standard_args)
[2.258s]   CMakeLists.txt:14 (find_package)
[2.258s] This warning is for project developers.  Use -Wno-dev to suppress it.
[2.258s] [0m
[2.258s] -- Found PCL_OCTREE: /usr/lib/x86_64-linux-gnu/libpcl_octree.so
[2.258s] -- looking for PCL_SEARCH
[2.259s] [33mCMake Warning (dev) at /home/myungw00/.local/lib/python3.8/site-packages/cmake/data/share/cmake-3.31/Modules/FindPackageHandleStandardArgs.cmake:441 (message):
[2.259s]   The package name passed to `find_package_handle_standard_args` (PCL_SEARCH)
[2.259s]   does not match the name of the calling package (PCL).  This can lead to
[2.259s]   problems in calling code that expects `find_package` result variables
[2.259s]   (e.g., `_FOUND`) to follow a certain pattern.
[2.259s] Call Stack (most recent call first):
[2.259s]   /usr/lib/x86_64-linux-gnu/cmake/pcl/PCLConfig.cmake:616 (find_package_handle_standard_args)
[2.259s]   CMakeLists.txt:14 (find_package)
[2.259s] This warning is for project developers.  Use -Wno-dev to suppress it.
[2.259s] [0m
[2.259s] -- Found PCL_SEARCH: /usr/lib/x86_64-linux-gnu/libpcl_search.so
[2.259s] -- looking for PCL_SAMPLE_CONSENSUS
[2.260s] [33mCMake Warning (dev) at /home/myungw00/.local/lib/python3.8/site-packages/cmake/data/share/cmake-3.31/Modules/FindPackageHandleStandardArgs.cmake:441 (message):
[2.260s]   The package name passed to `find_package_handle_standard_args`
[2.260s]   (PCL_SAMPLE_CONSENSUS) does not match the name of the calling package
[2.260s]   (PCL).  This can lead to problems in calling code that expects
[2.260s]   `find_package` result variables (e.g., `_FOUND`) to follow a certain
[2.260s]   pattern.
[2.260s] Call Stack (most recent call first):
[2.260s]   /usr/lib/x86_64-linux-gnu/cmake/pcl/PCLConfig.cmake:616 (find_package_handle_standard_args)
[2.260s]   CMakeLists.txt:14 (find_package)
[2.260s] This warning is for project developers.  Use -Wno-dev to suppress it.
[2.260s] [0m
[2.260s] -- Found PCL_SAMPLE_CONSENSUS: /usr/lib/x86_64-linux-gnu/libpcl_sample_consensus.so
[2.260s] -- looking for PCL_FILTERS
[2.261s] [33mCMake Warning (dev) at /home/myungw00/.local/lib/python3.8/site-packages/cmake/data/share/cmake-3.31/Modules/FindPackageHandleStandardArgs.cmake:441 (message):
[2.261s]   The package name passed to `find_package_handle_standard_args`
[2.261s]   (PCL_FILTERS) does not match the name of the calling package (PCL).  This
[2.261s]   can lead to problems in calling code that expects `find_package` result
[2.261s]   variables (e.g., `_FOUND`) to follow a certain pattern.
[2.261s] Call Stack (most recent call first):
[2.261s]   /usr/lib/x86_64-linux-gnu/cmake/pcl/PCLConfig.cmake:616 (find_package_handle_standard_args)
[2.261s]   CMakeLists.txt:14 (find_package)
[2.261s] This warning is for project developers.  Use -Wno-dev to suppress it.
[2.261s] [0m
[2.261s] -- Found PCL_FILTERS: /usr/lib/x86_64-linux-gnu/libpcl_filters.so
[2.261s] -- looking for PCL_2D
[2.261s] -- Found PCL_2D: /usr/include/pcl-1.10
[2.262s] -- looking for PCL_GEOMETRY
[2.262s] -- Found PCL_GEOMETRY: /usr/include/pcl-1.10
[2.262s] -- looking for PCL_IO
[2.262s] [33mCMake Warning (dev) at /home/myungw00/.local/lib/python3.8/site-packages/cmake/data/share/cmake-3.31/Modules/FindPackageHandleStandardArgs.cmake:441 (message):
[2.262s]   The package name passed to `find_package_handle_standard_args` (PCL_2D)
[2.262s]   does not match the name of the calling package (PCL).  This can lead to
[2.262s]   problems in calling code that expects `find_package` result variables
[2.262s]   (e.g., `_FOUND`) to follow a certain pattern.
[2.262s] Call Stack (most recent call first):
[2.262s]   /usr/lib/x86_64-linux-gnu/cmake/pcl/PCLConfig.cmake:619 (find_package_handle_standard_args)
[2.262s]   CMakeLists.txt:14 (find_package)
[2.262s] This warning is for project developers.  Use -Wno-dev to suppress it.
[2.262s] [0m
[2.263s] [33mCMake Warning (dev) at /home/myungw00/.local/lib/python3.8/site-packages/cmake/data/share/cmake-3.31/Modules/FindPackageHandleStandardArgs.cmake:441 (message):
[2.263s]   The package name passed to `find_package_handle_standard_args`
[2.263s]   (PCL_GEOMETRY) does not match the name of the calling package (PCL).  This
[2.263s]   can lead to problems in calling code that expects `find_package` result
[2.263s]   variables (e.g., `_FOUND`) to follow a certain pattern.
[2.263s] Call Stack (most recent call first):
[2.263s]   /usr/lib/x86_64-linux-gnu/cmake/pcl/PCLConfig.cmake:619 (find_package_handle_standard_args)
[2.263s]   CMakeLists.txt:14 (find_package)
[2.263s] This warning is for project developers.  Use -Wno-dev to suppress it.
[2.263s] [0m
[2.263s] [33mCMake Warning (dev) at /home/myungw00/.local/lib/python3.8/site-packages/cmake/data/share/cmake-3.31/Modules/FindPackageHandleStandardArgs.cmake:441 (message):
[2.263s]   The package name passed to `find_package_handle_standard_args` (PCL_IO)
[2.263s]   does not match the name of the calling package (PCL).  This can lead to
[2.263s]   problems in calling code that expects `find_package` result variables
[2.263s]   (e.g., `_FOUND`) to follow a certain pattern.
[2.263s] Call Stack (most recent call first):
[2.264s]   /usr/lib/x86_64-linux-gnu/cmake/pcl/PCLConfig.cmake:616 (find_package_handle_standard_args)
[2.264s]   CMakeLists.txt:14 (find_package)
[2.264s] This warning is for project developers.  Use -Wno-dev to suppress it.
[2.264s] [0m
[2.264s] -- Found PCL_IO: /usr/lib/x86_64-linux-gnu/libpcl_io.so
[2.264s] -- looking for PCL_FEATURES
[2.264s] [33mCMake Warning (dev) at /home/myungw00/.local/lib/python3.8/site-packages/cmake/data/share/cmake-3.31/Modules/FindPackageHandleStandardArgs.cmake:441 (message):
[2.264s]   The package name passed to `find_package_handle_standard_args`
[2.264s]   (PCL_FEATURES) does not match the name of the calling package (PCL).  This
[2.264s]   can lead to problems in calling code that expects `find_package` result
[2.264s]   variables (e.g., `_FOUND`) to follow a certain pattern.
[2.264s] Call Stack (most recent call first):
[2.264s]   /usr/lib/x86_64-linux-gnu/cmake/pcl/PCLConfig.cmake:616 (find_package_handle_standard_args)
[2.264s]   CMakeLists.txt:14 (find_package)
[2.264s] This warning is for project developers.  Use -Wno-dev to suppress it.
[2.265s] [0m
[2.265s] -- Found PCL_FEATURES: /usr/lib/x86_64-linux-gnu/libpcl_features.so
[2.265s] -- looking for PCL_ML
[2.265s] [33mCMake Warning (dev) at /home/myungw00/.local/lib/python3.8/site-packages/cmake/data/share/cmake-3.31/Modules/FindPackageHandleStandardArgs.cmake:441 (message):
[2.265s]   The package name passed to `find_package_handle_standard_args` (PCL_ML)
[2.265s]   does not match the name of the calling package (PCL).  This can lead to
[2.265s]   problems in calling code that expects `find_package` result variables
[2.265s]   (e.g., `_FOUND`) to follow a certain pattern.
[2.265s] Call Stack (most recent call first):
[2.265s]   /usr/lib/x86_64-linux-gnu/cmake/pcl/PCLConfig.cmake:616 (find_package_handle_standard_args)
[2.265s]   CMakeLists.txt:14 (find_package)
[2.265s] This warning is for project developers.  Use -Wno-dev to suppress it.
[2.266s] [0m
[2.266s] -- Found PCL_ML: /usr/lib/x86_64-linux-gnu/libpcl_ml.so
[2.266s] -- looking for PCL_SEGMENTATION
[2.266s] [33mCMake Warning (dev) at /home/myungw00/.local/lib/python3.8/site-packages/cmake/data/share/cmake-3.31/Modules/FindPackageHandleStandardArgs.cmake:441 (message):
[2.266s]   The package name passed to `find_package_handle_standard_args`
[2.266s]   (PCL_SEGMENTATION) does not match the name of the calling package (PCL).
[2.266s]   This can lead to problems in calling code that expects `find_package`
[2.266s]   result variables (e.g., `_FOUND`) to follow a certain pattern.
[2.266s] Call Stack (most recent call first):
[2.266s]   /usr/lib/x86_64-linux-gnu/cmake/pcl/PCLConfig.cmake:616 (find_package_handle_standard_args)
[2.266s]   CMakeLists.txt:14 (find_package)
[2.266s] This warning is for project developers.  Use -Wno-dev to suppress it.
[2.267s] [0m
[2.267s] -- Found PCL_SEGMENTATION: /usr/lib/x86_64-linux-gnu/libpcl_segmentation.so
[2.267s] -- looking for PCL_VISUALIZATION
[2.267s] [33mCMake Warning (dev) at /home/myungw00/.local/lib/python3.8/site-packages/cmake/data/share/cmake-3.31/Modules/FindPackageHandleStandardArgs.cmake:441 (message):
[2.267s]   The package name passed to `find_package_handle_standard_args`
[2.267s]   (PCL_VISUALIZATION) does not match the name of the calling package (PCL).
[2.267s]   This can lead to problems in calling code that expects `find_package`
[2.267s]   result variables (e.g., `_FOUND`) to follow a certain pattern.
[2.268s] Call Stack (most recent call first):
[2.268s]   /usr/lib/x86_64-linux-gnu/cmake/pcl/PCLConfig.cmake:616 (find_package_handle_standard_args)
[2.268s]   CMakeLists.txt:14 (find_package)
[2.268s] This warning is for project developers.  Use -Wno-dev to suppress it.
[2.268s] [0m
[2.268s] -- Found PCL_VISUALIZATION: /usr/lib/x86_64-linux-gnu/libpcl_visualization.so
[2.268s] -- looking for PCL_SURFACE
[2.269s] [33mCMake Warning (dev) at /home/myungw00/.local/lib/python3.8/site-packages/cmake/data/share/cmake-3.31/Modules/FindPackageHandleStandardArgs.cmake:441 (message):
[2.269s]   The package name passed to `find_package_handle_standard_args`
[2.269s]   (PCL_SURFACE) does not match the name of the calling package (PCL).  This
[2.269s]   can lead to problems in calling code that expects `find_package` result
[2.269s]   variables (e.g., `_FOUND`) to follow a certain pattern.
[2.269s] Call Stack (most recent call first):
[2.269s]   /usr/lib/x86_64-linux-gnu/cmake/pcl/PCLConfig.cmake:616 (find_package_handle_standard_args)
[2.269s]   CMakeLists.txt:14 (find_package)
[2.269s] This warning is for project developers.  Use -Wno-dev to suppress it.
[2.269s] [0m
[2.269s] -- Found PCL_SURFACE: /usr/lib/x86_64-linux-gnu/libpcl_surface.so
[2.269s] -- looking for PCL_REGISTRATION
[2.270s] [33mCMake Warning (dev) at /home/myungw00/.local/lib/python3.8/site-packages/cmake/data/share/cmake-3.31/Modules/FindPackageHandleStandardArgs.cmake:441 (message):
[2.270s]   The package name passed to `find_package_handle_standard_args`
[2.270s]   (PCL_REGISTRATION) does not match the name of the calling package (PCL).
[2.270s]   This can lead to problems in calling code that expects `find_package`
[2.270s]   result variables (e.g., `_FOUND`) to follow a certain pattern.
[2.270s] Call Stack (most recent call first):
[2.270s]   /usr/lib/x86_64-linux-gnu/cmake/pcl/PCLConfig.cmake:616 (find_package_handle_standard_args)
[2.270s]   CMakeLists.txt:14 (find_package)
[2.270s] This warning is for project developers.  Use -Wno-dev to suppress it.
[2.270s] [0m
[2.270s] -- Found PCL_REGISTRATION: /usr/lib/x86_64-linux-gnu/libpcl_registration.so
[2.270s] -- looking for PCL_KEYPOINTS
[2.271s] [33mCMake Warning (dev) at /home/myungw00/.local/lib/python3.8/site-packages/cmake/data/share/cmake-3.31/Modules/FindPackageHandleStandardArgs.cmake:441 (message):
[2.271s]   The package name passed to `find_package_handle_standard_args`
[2.271s]   (PCL_KEYPOINTS) does not match the name of the calling package (PCL).  This
[2.271s]   can lead to problems in calling code that expects `find_package` result
[2.271s]   variables (e.g., `_FOUND`) to follow a certain pattern.
[2.271s] Call Stack (most recent call first):
[2.271s]   /usr/lib/x86_64-linux-gnu/cmake/pcl/PCLConfig.cmake:616 (find_package_handle_standard_args)
[2.271s]   CMakeLists.txt:14 (find_package)
[2.271s] This warning is for project developers.  Use -Wno-dev to suppress it.
[2.272s] [0m
[2.272s] -- Found PCL_KEYPOINTS: /usr/lib/x86_64-linux-gnu/libpcl_keypoints.so
[2.272s] -- looking for PCL_TRACKING
[2.272s] [33mCMake Warning (dev) at /home/myungw00/.local/lib/python3.8/site-packages/cmake/data/share/cmake-3.31/Modules/FindPackageHandleStandardArgs.cmake:441 (message):
[2.272s]   The package name passed to `find_package_handle_standard_args`
[2.272s]   (PCL_TRACKING) does not match the name of the calling package (PCL).  This
[2.272s]   can lead to problems in calling code that expects `find_package` result
[2.272s]   variables (e.g., `_FOUND`) to follow a certain pattern.
[2.273s] Call Stack (most recent call first):
[2.273s]   /usr/lib/x86_64-linux-gnu/cmake/pcl/PCLConfig.cmake:616 (find_package_handle_standard_args)
[2.273s]   CMakeLists.txt:14 (find_package)
[2.273s] This warning is for project developers.  Use -Wno-dev to suppress it.
[2.273s] [0m
[2.273s] -- Found PCL_TRACKING: /usr/lib/x86_64-linux-gnu/libpcl_tracking.so
[2.273s] -- looking for PCL_RECOGNITION
[2.273s] [33mCMake Warning (dev) at /home/myungw00/.local/lib/python3.8/site-packages/cmake/data/share/cmake-3.31/Modules/FindPackageHandleStandardArgs.cmake:441 (message):
[2.273s]   The package name passed to `find_package_handle_standard_args`
[2.273s]   (PCL_RECOGNITION) does not match the name of the calling package (PCL).
[2.274s]   This can lead to problems in calling code that expects `find_package`
[2.274s]   result variables (e.g., `_FOUND`) to follow a certain pattern.
[2.274s] Call Stack (most recent call first):
[2.274s]   /usr/lib/x86_64-linux-gnu/cmake/pcl/PCLConfig.cmake:616 (find_package_handle_standard_args)
[2.274s]   CMakeLists.txt:14 (find_package)
[2.274s] This warning is for project developers.  Use -Wno-dev to suppress it.
[2.274s] [0m
[2.274s] -- Found PCL_RECOGNITION: /usr/lib/x86_64-linux-gnu/libpcl_recognition.so
[2.274s] -- looking for PCL_STEREO
[2.275s] [33mCMake Warning (dev) at /home/myungw00/.local/lib/python3.8/site-packages/cmake/data/share/cmake-3.31/Modules/FindPackageHandleStandardArgs.cmake:441 (message):
[2.275s]   The package name passed to `find_package_handle_standard_args` (PCL_STEREO)
[2.275s]   does not match the name of the calling package (PCL).  This can lead to
[2.275s]   problems in calling code that expects `find_package` result variables
[2.275s]   (e.g., `_FOUND`) to follow a certain pattern.
[2.275s] Call Stack (most recent call first):
[2.275s]   /usr/lib/x86_64-linux-gnu/cmake/pcl/PCLConfig.cmake:616 (find_package_handle_standard_args)
[2.275s]   CMakeLists.txt:14 (find_package)
[2.275s] This warning is for project developers.  Use -Wno-dev to suppress it.
[2.275s] [0m
[2.275s] -- Found PCL_STEREO: /usr/lib/x86_64-linux-gnu/libpcl_stereo.so
[2.275s] -- looking for PCL_APPS
[2.276s] [33mCMake Warning (dev) at /home/myungw00/.local/lib/python3.8/site-packages/cmake/data/share/cmake-3.31/Modules/FindPackageHandleStandardArgs.cmake:441 (message):
[2.276s]   The package name passed to `find_package_handle_standard_args` (PCL_APPS)
[2.276s]   does not match the name of the calling package (PCL).  This can lead to
[2.276s]   problems in calling code that expects `find_package` result variables
[2.276s]   (e.g., `_FOUND`) to follow a certain pattern.
[2.276s] Call Stack (most recent call first):
[2.276s]   /usr/lib/x86_64-linux-gnu/cmake/pcl/PCLConfig.cmake:616 (find_package_handle_standard_args)
[2.276s]   CMakeLists.txt:14 (find_package)
[2.276s] This warning is for project developers.  Use -Wno-dev to suppress it.
[2.276s] [0m
[2.277s] -- Found PCL_APPS: /usr/lib/x86_64-linux-gnu/libpcl_apps.so
[2.277s] -- looking for PCL_IN_HAND_SCANNER
[2.277s] [33mCMake Warning (dev) at /home/myungw00/.local/lib/python3.8/site-packages/cmake/data/share/cmake-3.31/Modules/FindPackageHandleStandardArgs.cmake:441 (message):
[2.277s]   The package name passed to `find_package_handle_standard_args`
[2.277s]   (PCL_IN_HAND_SCANNER) does not match the name of the calling package (PCL).
[2.277s]   This can lead to problems in calling code that expects `find_package`
[2.277s]   result variables (e.g., `_FOUND`) to follow a certain pattern.
[2.277s] Call Stack (most recent call first):
[2.277s]   /usr/lib/x86_64-linux-gnu/cmake/pcl/PCLConfig.cmake:619 (find_package_handle_standard_args)
[2.277s]   CMakeLists.txt:14 (find_package)
[2.277s] This warning is for project developers.  Use -Wno-dev to suppress it.
[2.277s] [0m
[2.277s] -- Found PCL_IN_HAND_SCANNER: /usr/include/pcl-1.10
[2.277s] [33mCMake Warning (dev) at /home/myungw00/.local/lib/python3.8/site-packages/cmake/data/share/cmake-3.31/Modules/FindPackageHandleStandardArgs.cmake:441 (message):
[2.277s]   The package name passed to `find_package_handle_standard_args`
[2.278s]   (PCL_POINT_CLOUD_EDITOR) does not match the name of the calling package
[2.278s]   (PCL).  This can lead to problems in calling code that expects
[2.278s]   `find_package` result variables (e.g., `_FOUND`) to follow a certain
[2.278s]   pattern.
[2.278s] Call Stack (most recent call first):
[2.278s]   /usr/lib/x86_64-linux-gnu/cmake/pcl/PCLConfig.cmake:619 (find_package_handle_standard_args)
[2.278s]   CMakeLists.txt:14 (find_package)
[2.278s] This warning is for project developers.  Use -Wno-dev to suppress it.
[2.278s] [0m
[2.278s] -- looking for PCL_POINT_CLOUD_EDITOR
[2.278s] -- Found PCL_POINT_CLOUD_EDITOR: /usr/include/pcl-1.10
[2.278s] -- looking for PCL_OUTOFCORE
[2.278s] [33mCMake Warning (dev) at /home/myungw00/.local/lib/python3.8/site-packages/cmake/data/share/cmake-3.31/Modules/FindPackageHandleStandardArgs.cmake:441 (message):
[2.278s]   The package name passed to `find_package_handle_standard_args`
[2.278s]   (PCL_OUTOFCORE) does not match the name of the calling package (PCL).  This
[2.278s]   can lead to problems in calling code that expects `find_package` result
[2.278s]   variables (e.g., `_FOUND`) to follow a certain pattern.
[2.278s] Call Stack (most recent call first):
[2.278s]   /usr/lib/x86_64-linux-gnu/cmake/pcl/PCLConfig.cmake:616 (find_package_handle_standard_args)
[2.279s]   CMakeLists.txt:14 (find_package)
[2.279s] This warning is for project developers.  Use -Wno-dev to suppress it.
[2.279s] [0m
[2.279s] -- Found PCL_OUTOFCORE: /usr/lib/x86_64-linux-gnu/libpcl_outofcore.so
[2.279s] -- looking for PCL_PEOPLE
[2.279s] [33mCMake Warning (dev) at /home/myungw00/.local/lib/python3.8/site-packages/cmake/data/share/cmake-3.31/Modules/FindPackageHandleStandardArgs.cmake:441 (message):
[2.279s]   The package name passed to `find_package_handle_standard_args` (PCL_PEOPLE)
[2.279s]   does not match the name of the calling package (PCL).  This can lead to
[2.280s]   problems in calling code that expects `find_package` result variables
[2.280s]   (e.g., `_FOUND`) to follow a certain pattern.
[2.280s] Call Stack (most recent call first):
[2.280s]   /usr/lib/x86_64-linux-gnu/cmake/pcl/PCLConfig.cmake:616 (find_package_handle_standard_args)
[2.280s]   CMakeLists.txt:14 (find_package)
[2.280s] This warning is for project developers.  Use -Wno-dev to suppress it.
[2.280s] [0m
[2.280s] -- Found PCL_PEOPLE: /usr/lib/x86_64-linux-gnu/libpcl_people.so
[2.280s] -- Found PCL: pcl_common;pcl_kdtree;pcl_octree;pcl_search;pcl_sample_consensus;pcl_filters;pcl_io;pcl_features;pcl_ml;pcl_segmentation;pcl_visualization;pcl_surface;pcl_registration;pcl_keypoints;pcl_tracking;pcl_recognition;pcl_stereo;pcl_apps;pcl_outofcore;pcl_people;/usr/lib/x86_64-linux-gnu/libboost_system.so;/usr/lib/x86_64-linux-gnu/libboost_filesystem.so;/usr/lib/x86_64-linux-gnu/libboost_date_time.so;/usr/lib/x86_64-linux-gnu/libboost_iostreams.so;/usr/lib/x86_64-linux-gnu/libboost_regex.so;optimized;/usr/lib/x86_64-linux-gnu/libqhull.so;debug;/usr/lib/x86_64-linux-gnu/libqhull.so;/usr/lib/libOpenNI.so;/usr/lib/libOpenNI2.so;vtkChartsCore;vtkCommonColor;vtkCommonCore;vtksys;vtkCommonDataModel;vtkCommonMath;vtkCommonMisc;vtkCommonSystem;vtkCommonTransforms;vtkCommonExecutionModel;vtkFiltersGeneral;vtkCommonComputationalGeometry;vtkFiltersCore;vtkInfovisCore;vtkFiltersExtraction;vtkFiltersStatistics;vtkImagingFourier;vtkImagingCore;vtkalglib;vtkRenderingContext2D;vtkRenderingCore;vtkFiltersGeometry;vtkFiltersSources;vtkRenderingFreeType;/usr/lib/x86_64-linux-gnu/libfreetype.so;/usr/lib/x86_64-linux-gnu/libz.so;vtkFiltersModeling;vtkImagingSources;vtkInteractionStyle;vtkInteractionWidgets;vtkFiltersHybrid;vtkImagingColor;vtkImagingGeneral;vtkImagingHybrid;vtkIOImage;vtkDICOMParser;vtkmetaio;/usr/lib/x86_64-linux-gnu/libjpeg.so;/usr/lib/x86_64-linux-gnu/libpng.so;/usr/lib/x86_64-linux-gnu/libtiff.so;vtkRenderingAnnotation;vtkRenderingVolume;vtkIOXML;vtkIOCore;vtkIOXMLParser;/usr/lib/x86_64-linux-gnu/libexpat.so;vtkIOGeometry;vtkIOLegacy;vtkIOPLY;vtkRenderingLOD;vtkViewsContext2D;vtkViewsCore;vtkRenderingContextOpenGL2;vtkRenderingOpenGL2;FLANN::FLANN
[2.284s] -- Found pcl_conversions: 2.3.2 (/opt/ros/galactic/share/pcl_conversions/cmake)
[2.417s] -- Found pcl_ros: 2.3.2 (/opt/ros/galactic/share/pcl_ros/cmake)
[2.505s] -- Found eigen3_cmake_module: 0.1.1 (/opt/ros/galactic/share/eigen3_cmake_module/cmake)
[2.510s] -- Found Eigen3: TRUE (found version "3.3.7")
[2.857s] -- Found OpenGL: /usr/lib/x86_64-linux-gnu/libOpenGL.so
[2.973s] -- Configuring done (2.9s)
[3.107s] -- Generating done (0.1s)
[3.112s] -- Build files have been written to: /home/myungw00/ROS2/Qt_ws/src/qt_pointcloud_viewer/build/qt_pointcloud_viewer
[3.133s] Invoked command in '/home/myungw00/ROS2/Qt_ws/src/qt_pointcloud_viewer/build/qt_pointcloud_viewer' returned '0': CMAKE_PREFIX_PATH=${CMAKE_PREFIX_PATH}:/home/myungw00/ROS2/ros2_ws/install/python_parameters:/home/myungw00/ROS2/ros2_ws/install/py_pubsub:/home/myungw00/ROS2/ros2_ws/install/examples_rclpy_pointcloud_publisher:/home/myungw00/ROS2/ros2_ws/install/examples_rclpy_minimal_subscriber:/home/myungw00/ROS2/ros2_ws/install/examples_rclpy_minimal_service:/home/myungw00/ROS2/ros2_ws/install/examples_rclpy_minimal_publisher:/home/myungw00/ROS2/ros2_ws/install/examples_rclpy_minimal_client:/home/myungw00/ROS2/ros2_ws/install/examples_rclpy_minimal_action_server:/home/myungw00/ROS2/ros2_ws/install/examples_rclpy_minimal_action_client:/home/myungw00/ROS2/ros2_ws/install/examples_rclpy_guard_conditions:/home/myungw00/ROS2/ros2_ws/install/examples_rclpy_executors:/opt/ros/galactic /home/myungw00/.local/bin/cmake /home/myungw00/ROS2/Qt_ws/src/qt_pointcloud_viewer -DCMAKE_INSTALL_PREFIX=/home/myungw00/ROS2/Qt_ws/src/qt_pointcloud_viewer/install/qt_pointcloud_viewer
[3.137s] Invoking command in '/home/myungw00/ROS2/Qt_ws/src/qt_pointcloud_viewer/build/qt_pointcloud_viewer': CMAKE_PREFIX_PATH=${CMAKE_PREFIX_PATH}:/home/myungw00/ROS2/ros2_ws/install/python_parameters:/home/myungw00/ROS2/ros2_ws/install/py_pubsub:/home/myungw00/ROS2/ros2_ws/install/examples_rclpy_pointcloud_publisher:/home/myungw00/ROS2/ros2_ws/install/examples_rclpy_minimal_subscriber:/home/myungw00/ROS2/ros2_ws/install/examples_rclpy_minimal_service:/home/myungw00/ROS2/ros2_ws/install/examples_rclpy_minimal_publisher:/home/myungw00/ROS2/ros2_ws/install/examples_rclpy_minimal_client:/home/myungw00/ROS2/ros2_ws/install/examples_rclpy_minimal_action_server:/home/myungw00/ROS2/ros2_ws/install/examples_rclpy_minimal_action_client:/home/myungw00/ROS2/ros2_ws/install/examples_rclpy_guard_conditions:/home/myungw00/ROS2/ros2_ws/install/examples_rclpy_executors:/opt/ros/galactic /home/myungw00/.local/bin/cmake --build /home/myungw00/ROS2/Qt_ws/src/qt_pointcloud_viewer/build/qt_pointcloud_viewer -- -j16 -l16
[3.238s] [  5%] [34m[1mAutomatic MOC and UIC for target qt_pointcloud_viewer[0m
[3.259s] [  5%] Built target qt_pointcloud_viewer_autogen
[3.265s] [ 17%] [34m[1mGenerating ui_mainwindow.h[0m
[3.265s] [ 17%] [34m[1mGenerating include/qt_pointcloud_viewer/moc_float_widget.cpp[0m
[3.266s] [ 23%] [34m[1mGenerating include/qt_pointcloud_viewer/moc_mainwindow.cpp[0m
[3.271s] [ 29%] [34m[1mGenerating include/qt_pointcloud_viewer/moc_pointcloud_widget.cpp[0m
[3.276s] [ 35%] [34m[1mGenerating include/qt_pointcloud_viewer/moc_viewer_panel.cpp[0m
[3.349s] [ 41%] [32mBuilding CXX object CMakeFiles/qt_pointcloud_viewer.dir/qt_pointcloud_viewer_autogen/mocs_compilation.cpp.o[0m
[3.350s] [ 52%] [32mBuilding CXX object CMakeFiles/qt_pointcloud_viewer.dir/src/pointcloud_widget.cpp.o[0m
[3.350s] [ 52%] [32mBuilding CXX object CMakeFiles/qt_pointcloud_viewer.dir/src/main.cpp.o[0m
[3.351s] [ 58%] [32mBuilding CXX object CMakeFiles/qt_pointcloud_viewer.dir/src/mainwindow.cpp.o[0m
[3.351s] [ 64%] [32mBuilding CXX object CMakeFiles/qt_pointcloud_viewer.dir/src/viewer_panel.cpp.o[0m
[3.352s] [ 70%] [32mBuilding CXX object CMakeFiles/qt_pointcloud_viewer.dir/src/float_widget.cpp.o[0m
[3.352s] [ 76%] [32mBuilding CXX object CMakeFiles/qt_pointcloud_viewer.dir/include/qt_pointcloud_viewer/moc_pointcloud_widget.cpp.o[0m
[3.353s] [ 82%] [32mBuilding CXX object CMakeFiles/qt_pointcloud_viewer.dir/include/qt_pointcloud_viewer/moc_mainwindow.cpp.o[0m
[3.353s] [ 94%] [32mBuilding CXX object CMakeFiles/qt_pointcloud_viewer.dir/include/qt_pointcloud_viewer/moc_viewer_panel.cpp.o[0m
[3.353s] [ 94%] [32mBuilding CXX object CMakeFiles/qt_pointcloud_viewer.dir/include/qt_pointcloud_viewer/moc_float_widget.cpp.o[0m
[9.399s] [01m[K/home/myungw00/ROS2/Qt_ws/src/qt_pointcloud_viewer/src/mainwindow.cpp:[m[K In member function ‘[01m[Kvoid MainWindow::handleDockRequest()[m[K’:
[9.399s] [01m[K/home/myungw00/ROS2/Qt_ws/src/qt_pointcloud_viewer/src/mainwindow.cpp:130:9:[m[K [01;31m[Kerror: [m[K‘[01m[KfloatWidget[m[K’ was not declared in this scope; did you mean ‘[01m[KfloatWidget_[m[K’?
[9.400s]   130 |     if ([01;31m[KfloatWidget[m[K && floatWidget->isFloating()) {
[9.400s]       |         [01;31m[K^~~~~~~~~~~[m[K
[9.400s]       |         [32m[KfloatWidget_[m[K
[9.407s] [01m[K/home/myungw00/ROS2/Qt_ws/src/qt_pointcloud_viewer/src/mainwindow.cpp:136:53:[m[K [01;31m[Kerror: [m[K‘[01m[KgridRow_[m[K’ was not declared in this scope
[9.407s]   136 |             ui_->gridLayout->addWidget(floatWidget, [01;31m[KgridRow_[m[K, gridCol_);
[9.407s]       |                                                     [01;31m[K^~~~~~~~[m[K
[9.415s] [01m[K/home/myungw00/ROS2/Qt_ws/src/qt_pointcloud_viewer/src/mainwindow.cpp:136:63:[m[K [01;31m[Kerror: [m[K‘[01m[KgridCol_[m[K’ was not declared in this scope
[9.415s]   136 |             ui_->gridLayout->addWidget(floatWidget, gridRow_, [01;31m[KgridCol_[m[K);
[9.415s]       |                                                               [01;31m[K^~~~~~~~[m[K
[9.423s] [01m[K/home/myungw00/ROS2/Qt_ws/src/qt_pointcloud_viewer/src/mainwindow.cpp:138:67:[m[K [01;31m[Kerror: [m[K‘[01m[KgridRow_[m[K’ was not declared in this scope
[9.423s]   138 |         std::cout << "Float widget docked back to grid cell (" << [01;31m[KgridRow_[m[K << ", " << gridCol_ << ")" << std::endl;
[9.423s]       |                                                                   [01;31m[K^~~~~~~~[m[K
[9.429s] [01m[K/home/myungw00/ROS2/Qt_ws/src/qt_pointcloud_viewer/src/mainwindow.cpp:138:87:[m[K [01;31m[Kerror: [m[K‘[01m[KgridCol_[m[K’ was not declared in this scope
[9.430s]   138 |         std::cout << "Float widget docked back to grid cell (" << gridRow_ << ", " << [01;31m[KgridCol_[m[K << ")" << std::endl;
[9.430s]       |                                                                                       [01;31m[K^~~~~~~~[m[K
[10.253s] make[2]: *** [CMakeFiles/qt_pointcloud_viewer.dir/build.make:127: CMakeFiles/qt_pointcloud_viewer.dir/src/mainwindow.cpp.o] Error 1
[10.254s] make[2]: *** Waiting for unfinished jobs....
[16.390s] make[1]: *** [CMakeFiles/Makefile2:152: CMakeFiles/qt_pointcloud_viewer.dir/all] Error 2
[16.391s] make: *** [Makefile:146: all] Error 2
[16.393s] Invoked command in '/home/myungw00/ROS2/Qt_ws/src/qt_pointcloud_viewer/build/qt_pointcloud_viewer' returned '2': CMAKE_PREFIX_PATH=${CMAKE_PREFIX_PATH}:/home/myungw00/ROS2/ros2_ws/install/python_parameters:/home/myungw00/ROS2/ros2_ws/install/py_pubsub:/home/myungw00/ROS2/ros2_ws/install/examples_rclpy_pointcloud_publisher:/home/myungw00/ROS2/ros2_ws/install/examples_rclpy_minimal_subscriber:/home/myungw00/ROS2/ros2_ws/install/examples_rclpy_minimal_service:/home/myungw00/ROS2/ros2_ws/install/examples_rclpy_minimal_publisher:/home/myungw00/ROS2/ros2_ws/install/examples_rclpy_minimal_client:/home/myungw00/ROS2/ros2_ws/install/examples_rclpy_minimal_action_server:/home/myungw00/ROS2/ros2_ws/install/examples_rclpy_minimal_action_client:/home/myungw00/ROS2/ros2_ws/install/examples_rclpy_guard_conditions:/home/myungw00/ROS2/ros2_ws/install/examples_rclpy_executors:/opt/ros/galactic /home/myungw00/.local/bin/cmake --build /home/myungw00/ROS2/Qt_ws/src/qt_pointcloud_viewer/build/qt_pointcloud_viewer -- -j16 -l16
